#
# There is insufficient memory for the Java Runtime Environment to continue.
# Native memory allocation (malloc) failed to allocate 1186784 bytes for Chunk::new
# Possible reasons:
#   The system is out of physical RAM or swap space
#   The process is running with CompressedOops enabled, and the Java Heap may be blocking the growth of the native heap
# Possible solutions:
#   Reduce memory load on the system
#   Increase physical memory or swap space
#   Check if swap backing store is full
#   Decrease Java heap size (-Xmx/-Xms)
#   Decrease number of Java threads
#   Decrease Java thread stack sizes (-Xss)
#   Set larger code cache with -XX:ReservedCodeCacheSize=
#   JVM is running with Unscaled Compressed Oops mode in which the Java heap is
#     placed in the first 4GB address space. The Java Heap base address is the
#     maximum limit for the native heap growth. Please use -XX:HeapBaseMinAddress
#     to set the Java Heap base and to place the Java Heap above 4GB virtual address.
# This output file may be truncated or incomplete.
#
#  Out of Memory Error (arena.cpp:189), pid=24020, tid=16080
#
# JRE version: OpenJDK Runtime Environment Temurin-17.0.1+12 (17.0.1+12) (build 17.0.1+12)
# Java VM: OpenJDK 64-Bit Server VM Temurin-17.0.1+12 (17.0.1+12, mixed mode, tiered, compressed oops, compressed class ptrs, g1 gc, windows-amd64)
# No core dump will be written. Minidumps are not enabled by default on client versions of Windows
#

---------------  S U M M A R Y ------------

Command Line: -Dfile.encoding=UTF-8 -XX:+ShowCodeDetailsInExceptionMessages com.examly.springapp.SpringAppApplication

Host: Intel(R) Core(TM) i5-8250U CPU @ 1.60GHz, 8 cores, 7G,  Windows 10 , 64 bit Build 19041 (10.0.19041.1566)
Time: Thu Apr  7 17:10:04 2022 India Standard Time elapsed time: 2049.458462 seconds (0d 0h 34m 9s)

---------------  T H R E A D  ---------------

Current thread (0x000002552211aa00):  JavaThread "C2 CompilerThread0" daemon [_thread_in_native, id=16080, stack(0x0000005579a00000,0x0000005579b00000)]


Current CompileTask:
C2:2049595 12162   !   4       org.apache.coyote.AbstractProtocol$ConnectionHandler::process (1315 bytes)

Stack: [0x0000005579a00000,0x0000005579b00000]
Native frames: (J=compiled Java code, j=interpreted, Vv=VM code, C=native code)
V  [jvm.dll+0x6744da]
V  [jvm.dll+0x82e144]
V  [jvm.dll+0x82f8ee]
V  [jvm.dll+0x82ff53]
V  [jvm.dll+0x245175]
V  [jvm.dll+0xab85b]
V  [jvm.dll+0xabdec]
V  [jvm.dll+0x362f07]
V  [jvm.dll+0x32d4c1]
V  [jvm.dll+0x32c96a]
V  [jvm.dll+0x218031]
V  [jvm.dll+0x217451]
V  [jvm.dll+0x1a355d]
V  [jvm.dll+0x226e38]
V  [jvm.dll+0x224f7c]
V  [jvm.dll+0x7e3f5b]
V  [jvm.dll+0x7de51a]
V  [jvm.dll+0x673305]
C  [ucrtbase.dll+0x21bb2]
C  [KERNEL32.DLL+0x17034]
C  [ntdll.dll+0x52651]


---------------  P R O C E S S  ---------------

Threads class SMR info:
_java_thread_list=0x0000025525fb8e30, length=31, elements={
0x00000255216e4000, 0x00000255216eec30, 0x00000255217329d0, 0x00000255221144b0,
0x0000025522114e60, 0x0000025522118d10, 0x000002552211aa00, 0x000002552211b4a0,
0x000002552211c670, 0x000002552228afe0, 0x0000025522298150, 0x00000255260ed380,
0x00000255266b4190, 0x0000025525efd2d0, 0x0000025526609950, 0x00000255277712c0,
0x0000025529125040, 0x0000025522beaf00, 0x0000025522f73240, 0x0000025527394d40,
0x0000025527395bb0, 0x00000255273956e0, 0x0000025527396080, 0x0000025527396550,
0x0000025527394870, 0x0000025527395210, 0x0000025527396a20, 0x0000025527393a00,
0x0000025527393060, 0x0000025527393530, 0x0000025527393ed0
}

Java Threads: ( => current thread )
  0x00000255216e4000 JavaThread "Reference Handler" daemon [_thread_blocked, id=22376, stack(0x0000005579400000,0x0000005579500000)]
  0x00000255216eec30 JavaThread "Finalizer" daemon [_thread_blocked, id=16804, stack(0x0000005579500000,0x0000005579600000)]
  0x00000255217329d0 JavaThread "Signal Dispatcher" daemon [_thread_blocked, id=3884, stack(0x0000005579600000,0x0000005579700000)]
  0x00000255221144b0 JavaThread "Attach Listener" daemon [_thread_blocked, id=11784, stack(0x0000005579700000,0x0000005579800000)]
  0x0000025522114e60 JavaThread "Service Thread" daemon [_thread_blocked, id=25092, stack(0x0000005579800000,0x0000005579900000)]
  0x0000025522118d10 JavaThread "Monitor Deflation Thread" daemon [_thread_blocked, id=2532, stack(0x0000005579900000,0x0000005579a00000)]
=>0x000002552211aa00 JavaThread "C2 CompilerThread0" daemon [_thread_in_native, id=16080, stack(0x0000005579a00000,0x0000005579b00000)]
  0x000002552211b4a0 JavaThread "C1 CompilerThread0" daemon [_thread_blocked, id=24116, stack(0x0000005579b00000,0x0000005579c00000)]
  0x000002552211c670 JavaThread "Sweeper thread" daemon [_thread_blocked, id=22652, stack(0x0000005579c00000,0x0000005579d00000)]
  0x000002552228afe0 JavaThread "Notification Thread" daemon [_thread_blocked, id=15648, stack(0x0000005579d00000,0x0000005579e00000)]
  0x0000025522298150 JavaThread "Common-Cleaner" daemon [_thread_blocked, id=25752, stack(0x0000005579f00000,0x000000557a000000)]
  0x00000255260ed380 JavaThread "Abandoned connection cleanup thread" daemon [_thread_blocked, id=7164, stack(0x000000557a100000,0x000000557a200000)]
  0x00000255266b4190 JavaThread "mysql-cj-abandoned-connection-cleanup" daemon [_thread_blocked, id=23960, stack(0x000000557a000000,0x000000557a100000)]
  0x0000025525efd2d0 JavaThread "HikariPool-1 housekeeper" daemon [_thread_blocked, id=22864, stack(0x000000557ac00000,0x000000557ad00000)]
  0x0000025526609950 JavaThread "Catalina-utility-1" [_thread_blocked, id=24508, stack(0x000000557ae00000,0x000000557af00000)]
  0x00000255277712c0 JavaThread "Catalina-utility-2" [_thread_blocked, id=23688, stack(0x000000557af00000,0x000000557b000000)]
  0x0000025529125040 JavaThread "container-0" [_thread_blocked, id=21696, stack(0x000000557b000000,0x000000557b100000)]
  0x0000025522beaf00 JavaThread "http-nio-8080-BlockPoller" daemon [_thread_in_native, id=7236, stack(0x000000557b100000,0x000000557b200000)]
  0x0000025522f73240 JavaThread "http-nio-8080-exec-1" daemon [_thread_blocked, id=17688, stack(0x000000557b200000,0x000000557b300000)]
  0x0000025527394d40 JavaThread "http-nio-8080-exec-2" daemon [_thread_blocked, id=21808, stack(0x000000557b300000,0x000000557b400000)]
  0x0000025527395bb0 JavaThread "http-nio-8080-exec-3" daemon [_thread_blocked, id=22316, stack(0x000000557b400000,0x000000557b500000)]
  0x00000255273956e0 JavaThread "http-nio-8080-exec-4" daemon [_thread_blocked, id=24720, stack(0x000000557b500000,0x000000557b600000)]
  0x0000025527396080 JavaThread "http-nio-8080-exec-5" daemon [_thread_blocked, id=5284, stack(0x000000557b600000,0x000000557b700000)]
  0x0000025527396550 JavaThread "http-nio-8080-exec-6" daemon [_thread_blocked, id=24668, stack(0x000000557b700000,0x000000557b800000)]
  0x0000025527394870 JavaThread "http-nio-8080-exec-7" daemon [_thread_blocked, id=8544, stack(0x000000557b800000,0x000000557b900000)]
  0x0000025527395210 JavaThread "http-nio-8080-exec-8" daemon [_thread_blocked, id=23488, stack(0x000000557b900000,0x000000557ba00000)]
  0x0000025527396a20 JavaThread "http-nio-8080-exec-9" daemon [_thread_blocked, id=18848, stack(0x000000557ba00000,0x000000557bb00000)]
  0x0000025527393a00 JavaThread "http-nio-8080-exec-10" daemon [_thread_blocked, id=25808, stack(0x000000557bb00000,0x000000557bc00000)]
  0x0000025527393060 JavaThread "http-nio-8080-ClientPoller" daemon [_thread_in_native, id=12932, stack(0x000000557bc00000,0x000000557bd00000)]
  0x0000025527393530 JavaThread "http-nio-8080-Acceptor" daemon [_thread_in_native, id=2844, stack(0x000000557bd00000,0x000000557be00000)]
  0x0000025527393ed0 JavaThread "DestroyJavaVM" [_thread_blocked, id=14392, stack(0x0000005578d00000,0x0000005578e00000)]

Other Threads:
  0x00000255216dd8b0 VMThread "VM Thread" [stack: 0x0000005579300000,0x0000005579400000] [id=20512]
  0x000002552228b4b0 WatcherThread [stack: 0x0000005579e00000,0x0000005579f00000] [id=25704]
  0x00000255077b3e20 GCTaskThread "GC Thread#0" [stack: 0x0000005578e00000,0x0000005578f00000] [id=4756]
  0x0000025522cc98c0 GCTaskThread "GC Thread#1" [stack: 0x000000557a200000,0x000000557a300000] [id=20456]
  0x0000025522cc9b70 GCTaskThread "GC Thread#2" [stack: 0x000000557a300000,0x000000557a400000] [id=14504]
  0x0000025522738550 GCTaskThread "GC Thread#3" [stack: 0x000000557a400000,0x000000557a500000] [id=6988]
  0x0000025522e59ca0 GCTaskThread "GC Thread#4" [stack: 0x000000557a500000,0x000000557a600000] [id=23720]
  0x0000025522ed7030 GCTaskThread "GC Thread#5" [stack: 0x000000557a600000,0x000000557a700000] [id=23744]
  0x0000025522b5b5e0 GCTaskThread "GC Thread#6" [stack: 0x000000557a700000,0x000000557a800000] [id=16208]
  0x0000025522edcbb0 GCTaskThread "GC Thread#7" [stack: 0x000000557a800000,0x000000557a900000] [id=22888]
  0x00000255077c5120 ConcurrentGCThread "G1 Main Marker" [stack: 0x0000005578f00000,0x0000005579000000] [id=10980]
  0x00000255077c59d0 ConcurrentGCThread "G1 Conc#0" [stack: 0x0000005579000000,0x0000005579100000] [id=19188]
  0x00000255237bd910 ConcurrentGCThread "G1 Conc#1" [stack: 0x000000557aa00000,0x000000557ab00000] [id=25172]
  0x000002550783e470 ConcurrentGCThread "G1 Refine#0" [stack: 0x0000005579100000,0x0000005579200000] [id=18392]
  0x0000025521550090 ConcurrentGCThread "G1 Service" [stack: 0x0000005579200000,0x0000005579300000] [id=25220]

Threads with active compile tasks:
C2 CompilerThread0  2058742 12162   !   4       org.apache.coyote.AbstractProtocol$ConnectionHandler::process (1315 bytes)

VM state: not at safepoint (normal execution)

VM Mutex/Monitor currently owned by a thread: None

Heap address: 0x0000000081400000, size: 2028 MB, Compressed Oops mode: 32-bit

CDS archive(s) not mapped
Compressed class space mapped at: 0x0000000100000000-0x0000000140000000, reserved size: 1073741824
Narrow klass base: 0x0000000000000000, Narrow klass shift: 3, Narrow klass range: 0x140000000

GC Precious Log:
 CPUs: 8 total, 8 available
 Memory: 8107M
 Large Page Support: Disabled
 NUMA Support: Disabled
 Compressed Oops: Enabled (32-bit)
 Heap Region Size: 1M
 Heap Min Capacity: 8M
 Heap Initial Capacity: 128M
 Heap Max Capacity: 2028M
 Pre-touch: Disabled
 Parallel Workers: 8
 Concurrent Workers: 2
 Concurrent Refinement Workers: 8
 Periodic GC: Disabled

Heap:
 garbage-first heap   total 254976K, used 155617K [0x0000000081400000, 0x0000000100000000)
  region size 1024K, 124 young (126976K), 1 survivors (1024K)
 Metaspace       used 73009K, committed 73408K, reserved 1114112K
  class space    used 8972K, committed 9152K, reserved 1048576K

Heap Regions: E=young(eden), S=young(survivor), O=old, HS=humongous(starts), HC=humongous(continues), CS=collection set, F=free, OA=open archive, CA=closed archive, TAMS=top-at-mark-start (previous, next)
|   0|0x0000000081400000, 0x0000000081500000, 0x0000000081500000|100%|HS|  |TAMS 0x0000000081500000, 0x0000000081400000| Complete 
|   1|0x0000000081500000, 0x0000000081600000, 0x0000000081600000|100%| O|  |TAMS 0x0000000081600000, 0x0000000081500000| Untracked 
|   2|0x0000000081600000, 0x0000000081700000, 0x0000000081700000|100%| O|  |TAMS 0x0000000081700000, 0x0000000081600000| Untracked 
|   3|0x0000000081700000, 0x0000000081800000, 0x0000000081800000|100%| O|  |TAMS 0x0000000081800000, 0x0000000081700000| Untracked 
|   4|0x0000000081800000, 0x0000000081900000, 0x0000000081900000|100%| O|  |TAMS 0x0000000081900000, 0x0000000081800000| Untracked 
|   5|0x0000000081900000, 0x0000000081a00000, 0x0000000081a00000|100%| O|  |TAMS 0x0000000081a00000, 0x0000000081900000| Untracked 
|   6|0x0000000081a00000, 0x0000000081b00000, 0x0000000081b00000|100%| O|  |TAMS 0x0000000081b00000, 0x0000000081a00000| Untracked 
|   7|0x0000000081b00000, 0x0000000081c00000, 0x0000000081c00000|100%| O|  |TAMS 0x0000000081c00000, 0x0000000081b00000| Untracked 
|   8|0x0000000081c00000, 0x0000000081d00000, 0x0000000081d00000|100%| O|  |TAMS 0x0000000081d00000, 0x0000000081c00000| Untracked 
|   9|0x0000000081d00000, 0x0000000081e00000, 0x0000000081e00000|100%| O|  |TAMS 0x0000000081e00000, 0x0000000081d00000| Untracked 
|  10|0x0000000081e00000, 0x0000000081ed9600, 0x0000000081f00000| 84%| O|  |TAMS 0x0000000081ed9600, 0x0000000081e00000| Untracked 
|  11|0x0000000081f00000, 0x0000000082000000, 0x0000000082000000|100%| O|  |TAMS 0x0000000082000000, 0x0000000081f00000| Untracked 
|  12|0x0000000082000000, 0x0000000082100000, 0x0000000082100000|100%| O|  |TAMS 0x0000000082100000, 0x0000000082000000| Untracked 
|  13|0x0000000082100000, 0x0000000082200000, 0x0000000082200000|100%| O|  |TAMS 0x0000000082200000, 0x0000000082100000| Untracked 
|  14|0x0000000082200000, 0x0000000082300000, 0x0000000082300000|100%| O|  |TAMS 0x0000000082300000, 0x0000000082200000| Untracked 
|  15|0x0000000082300000, 0x0000000082400000, 0x0000000082400000|100%| O|  |TAMS 0x000000008238ee00, 0x0000000082300000| Untracked 
|  16|0x0000000082400000, 0x0000000082500000, 0x0000000082500000|100%| O|  |TAMS 0x0000000082400000, 0x0000000082400000| Untracked 
|  17|0x0000000082500000, 0x0000000082600000, 0x0000000082600000|100%| O|  |TAMS 0x0000000082500000, 0x0000000082500000| Untracked 
|  18|0x0000000082600000, 0x00000000826e2e00, 0x0000000082700000| 88%| O|  |TAMS 0x0000000082600000, 0x0000000082600000| Untracked 
|  19|0x0000000082700000, 0x0000000082800000, 0x0000000082800000|100%| O|  |TAMS 0x0000000082700000, 0x0000000082700000| Untracked 
|  20|0x0000000082800000, 0x0000000082900000, 0x0000000082900000|100%| O|  |TAMS 0x0000000082800000, 0x0000000082800000| Untracked 
|  21|0x0000000082900000, 0x0000000082a00000, 0x0000000082a00000|100%| O|  |TAMS 0x0000000082900000, 0x0000000082900000| Untracked 
|  22|0x0000000082a00000, 0x0000000082b00000, 0x0000000082b00000|100%| O|  |TAMS 0x0000000082a00000, 0x0000000082a00000| Untracked 
|  23|0x0000000082b00000, 0x0000000082c00000, 0x0000000082c00000|100%| O|  |TAMS 0x0000000082b00000, 0x0000000082b00000| Untracked 
|  24|0x0000000082c00000, 0x0000000082d00000, 0x0000000082d00000|100%| O|  |TAMS 0x0000000082c00000, 0x0000000082c00000| Untracked 
|  25|0x0000000082d00000, 0x0000000082e00000, 0x0000000082e00000|100%| O|  |TAMS 0x0000000082d00000, 0x0000000082d00000| Untracked 
|  26|0x0000000082e00000, 0x0000000082f00000, 0x0000000082f00000|100%| O|  |TAMS 0x0000000082e00000, 0x0000000082e00000| Untracked 
|  27|0x0000000082f00000, 0x0000000083000000, 0x0000000083000000|100%| O|  |TAMS 0x0000000082f00000, 0x0000000082f00000| Untracked 
|  28|0x0000000083000000, 0x0000000083100000, 0x0000000083100000|100%| O|  |TAMS 0x0000000083000000, 0x0000000083000000| Untracked 
|  29|0x0000000083100000, 0x00000000831a4c00, 0x0000000083200000| 64%| O|  |TAMS 0x0000000083100000, 0x0000000083100000| Untracked 
|  30|0x0000000083200000, 0x0000000083200000, 0x0000000083300000|  0%| F|  |TAMS 0x0000000083200000, 0x0000000083200000| Untracked 
|  31|0x0000000083300000, 0x0000000083300000, 0x0000000083400000|  0%| F|  |TAMS 0x0000000083300000, 0x0000000083300000| Untracked 
|  32|0x0000000083400000, 0x0000000083500000, 0x0000000083500000|100%| O|  |TAMS 0x0000000083400000, 0x0000000083400000| Untracked 
|  33|0x0000000083500000, 0x0000000083500000, 0x0000000083600000|  0%| F|  |TAMS 0x0000000083500000, 0x0000000083500000| Untracked 
|  34|0x0000000083600000, 0x0000000083600000, 0x0000000083700000|  0%| F|  |TAMS 0x0000000083600000, 0x0000000083600000| Untracked 
|  35|0x0000000083700000, 0x0000000083700000, 0x0000000083800000|  0%| F|  |TAMS 0x0000000083700000, 0x0000000083700000| Untracked 
|  36|0x0000000083800000, 0x0000000083800000, 0x0000000083900000|  0%| F|  |TAMS 0x0000000083800000, 0x0000000083800000| Untracked 
|  37|0x0000000083900000, 0x0000000083900000, 0x0000000083a00000|  0%| F|  |TAMS 0x0000000083900000, 0x0000000083900000| Untracked 
|  38|0x0000000083a00000, 0x0000000083a00000, 0x0000000083b00000|  0%| F|  |TAMS 0x0000000083a00000, 0x0000000083a00000| Untracked 
|  39|0x0000000083b00000, 0x0000000083b00000, 0x0000000083c00000|  0%| F|  |TAMS 0x0000000083b00000, 0x0000000083b00000| Untracked 
|  40|0x0000000083c00000, 0x0000000083c00000, 0x0000000083d00000|  0%| F|  |TAMS 0x0000000083c00000, 0x0000000083c00000| Untracked 
|  41|0x0000000083d00000, 0x0000000083d00000, 0x0000000083e00000|  0%| F|  |TAMS 0x0000000083d00000, 0x0000000083d00000| Untracked 
|  42|0x0000000083e00000, 0x0000000083e00000, 0x0000000083f00000|  0%| F|  |TAMS 0x0000000083e00000, 0x0000000083e00000| Untracked 
|  43|0x0000000083f00000, 0x0000000083f00000, 0x0000000084000000|  0%| F|  |TAMS 0x0000000083f00000, 0x0000000083f00000| Untracked 
|  44|0x0000000084000000, 0x0000000084000000, 0x0000000084100000|  0%| F|  |TAMS 0x0000000084000000, 0x0000000084000000| Untracked 
|  45|0x0000000084100000, 0x0000000084100000, 0x0000000084200000|  0%| F|  |TAMS 0x0000000084100000, 0x0000000084100000| Untracked 
|  46|0x0000000084200000, 0x0000000084200000, 0x0000000084300000|  0%| F|  |TAMS 0x0000000084200000, 0x0000000084200000| Untracked 
|  47|0x0000000084300000, 0x0000000084300000, 0x0000000084400000|  0%| F|  |TAMS 0x0000000084300000, 0x0000000084300000| Untracked 
|  48|0x0000000084400000, 0x0000000084400000, 0x0000000084500000|  0%| F|  |TAMS 0x0000000084400000, 0x0000000084400000| Untracked 
|  49|0x0000000084500000, 0x0000000084500000, 0x0000000084600000|  0%| F|  |TAMS 0x0000000084500000, 0x0000000084500000| Untracked 
|  50|0x0000000084600000, 0x0000000084600000, 0x0000000084700000|  0%| F|  |TAMS 0x0000000084600000, 0x0000000084600000| Untracked 
|  51|0x0000000084700000, 0x0000000084700000, 0x0000000084800000|  0%| F|  |TAMS 0x0000000084700000, 0x0000000084700000| Untracked 
|  52|0x0000000084800000, 0x0000000084800000, 0x0000000084900000|  0%| F|  |TAMS 0x0000000084800000, 0x0000000084800000| Untracked 
|  53|0x0000000084900000, 0x0000000084900000, 0x0000000084a00000|  0%| F|  |TAMS 0x0000000084900000, 0x0000000084900000| Untracked 
|  54|0x0000000084a00000, 0x0000000084a00000, 0x0000000084b00000|  0%| F|  |TAMS 0x0000000084a00000, 0x0000000084a00000| Untracked 
|  55|0x0000000084b00000, 0x0000000084b00000, 0x0000000084c00000|  0%| F|  |TAMS 0x0000000084b00000, 0x0000000084b00000| Untracked 
|  56|0x0000000084c00000, 0x0000000084c00000, 0x0000000084d00000|  0%| F|  |TAMS 0x0000000084c00000, 0x0000000084c00000| Untracked 
|  57|0x0000000084d00000, 0x0000000084d00000, 0x0000000084e00000|  0%| F|  |TAMS 0x0000000084d00000, 0x0000000084d00000| Untracked 
|  58|0x0000000084e00000, 0x0000000084e00000, 0x0000000084f00000|  0%| F|  |TAMS 0x0000000084e00000, 0x0000000084e00000| Untracked 
|  59|0x0000000084f00000, 0x0000000084f00000, 0x0000000085000000|  0%| F|  |TAMS 0x0000000084f00000, 0x0000000084f00000| Untracked 
|  60|0x0000000085000000, 0x0000000085000000, 0x0000000085100000|  0%| F|  |TAMS 0x0000000085000000, 0x0000000085000000| Untracked 
|  61|0x0000000085100000, 0x0000000085100000, 0x0000000085200000|  0%| F|  |TAMS 0x0000000085100000, 0x0000000085100000| Untracked 
|  62|0x0000000085200000, 0x0000000085200000, 0x0000000085300000|  0%| F|  |TAMS 0x0000000085200000, 0x0000000085200000| Untracked 
|  63|0x0000000085300000, 0x0000000085300000, 0x0000000085400000|  0%| F|  |TAMS 0x0000000085300000, 0x0000000085300000| Untracked 
|  64|0x0000000085400000, 0x0000000085400000, 0x0000000085500000|  0%| F|  |TAMS 0x0000000085400000, 0x0000000085400000| Untracked 
|  65|0x0000000085500000, 0x0000000085500000, 0x0000000085600000|  0%| F|  |TAMS 0x0000000085500000, 0x0000000085500000| Untracked 
|  66|0x0000000085600000, 0x0000000085600000, 0x0000000085700000|  0%| F|  |TAMS 0x0000000085600000, 0x0000000085600000| Untracked 
|  67|0x0000000085700000, 0x0000000085700000, 0x0000000085800000|  0%| F|  |TAMS 0x0000000085700000, 0x0000000085700000| Untracked 
|  68|0x0000000085800000, 0x0000000085800000, 0x0000000085900000|  0%| F|  |TAMS 0x0000000085800000, 0x0000000085800000| Untracked 
|  69|0x0000000085900000, 0x0000000085900000, 0x0000000085a00000|  0%| F|  |TAMS 0x0000000085900000, 0x0000000085900000| Untracked 
|  70|0x0000000085a00000, 0x0000000085a00000, 0x0000000085b00000|  0%| F|  |TAMS 0x0000000085a00000, 0x0000000085a00000| Untracked 
|  71|0x0000000085b00000, 0x0000000085b00000, 0x0000000085c00000|  0%| F|  |TAMS 0x0000000085b00000, 0x0000000085b00000| Untracked 
|  72|0x0000000085c00000, 0x0000000085c00000, 0x0000000085d00000|  0%| F|  |TAMS 0x0000000085c00000, 0x0000000085c00000| Untracked 
|  73|0x0000000085d00000, 0x0000000085d00000, 0x0000000085e00000|  0%| F|  |TAMS 0x0000000085d00000, 0x0000000085d00000| Untracked 
|  74|0x0000000085e00000, 0x0000000085e00000, 0x0000000085f00000|  0%| F|  |TAMS 0x0000000085e00000, 0x0000000085e00000| Untracked 
|  75|0x0000000085f00000, 0x0000000085f00000, 0x0000000086000000|  0%| F|  |TAMS 0x0000000085f00000, 0x0000000085f00000| Untracked 
|  76|0x0000000086000000, 0x0000000086000000, 0x0000000086100000|  0%| F|  |TAMS 0x0000000086000000, 0x0000000086000000| Untracked 
|  77|0x0000000086100000, 0x0000000086100000, 0x0000000086200000|  0%| F|  |TAMS 0x0000000086100000, 0x0000000086100000| Untracked 
|  78|0x0000000086200000, 0x0000000086200000, 0x0000000086300000|  0%| F|  |TAMS 0x0000000086200000, 0x0000000086200000| Untracked 
|  79|0x0000000086300000, 0x0000000086300000, 0x0000000086400000|  0%| F|  |TAMS 0x0000000086300000, 0x0000000086300000| Untracked 
|  80|0x0000000086400000, 0x0000000086400000, 0x0000000086500000|  0%| F|  |TAMS 0x0000000086400000, 0x0000000086400000| Untracked 
|  81|0x0000000086500000, 0x0000000086500000, 0x0000000086600000|  0%| F|  |TAMS 0x0000000086500000, 0x0000000086500000| Untracked 
|  82|0x0000000086600000, 0x0000000086600000, 0x0000000086700000|  0%| F|  |TAMS 0x0000000086600000, 0x0000000086600000| Untracked 
|  83|0x0000000086700000, 0x0000000086700000, 0x0000000086800000|  0%| F|  |TAMS 0x0000000086700000, 0x0000000086700000| Untracked 
|  84|0x0000000086800000, 0x0000000086800000, 0x0000000086900000|  0%| F|  |TAMS 0x0000000086800000, 0x0000000086800000| Untracked 
|  85|0x0000000086900000, 0x0000000086900000, 0x0000000086a00000|  0%| F|  |TAMS 0x0000000086900000, 0x0000000086900000| Untracked 
|  86|0x0000000086a00000, 0x0000000086a00000, 0x0000000086b00000|  0%| F|  |TAMS 0x0000000086a00000, 0x0000000086a00000| Untracked 
|  87|0x0000000086b00000, 0x0000000086b00000, 0x0000000086c00000|  0%| F|  |TAMS 0x0000000086b00000, 0x0000000086b00000| Untracked 
|  88|0x0000000086c00000, 0x0000000086c00000, 0x0000000086d00000|  0%| F|  |TAMS 0x0000000086c00000, 0x0000000086c00000| Untracked 
|  89|0x0000000086d00000, 0x0000000086d00000, 0x0000000086e00000|  0%| F|  |TAMS 0x0000000086d00000, 0x0000000086d00000| Untracked 
|  90|0x0000000086e00000, 0x0000000086e00000, 0x0000000086f00000|  0%| F|  |TAMS 0x0000000086e00000, 0x0000000086e00000| Untracked 
|  91|0x0000000086f00000, 0x0000000086f00000, 0x0000000087000000|  0%| F|  |TAMS 0x0000000086f00000, 0x0000000086f00000| Untracked 
|  92|0x0000000087000000, 0x0000000087000000, 0x0000000087100000|  0%| F|  |TAMS 0x0000000087000000, 0x0000000087000000| Untracked 
|  93|0x0000000087100000, 0x0000000087100000, 0x0000000087200000|  0%| F|  |TAMS 0x0000000087100000, 0x0000000087100000| Untracked 
|  94|0x0000000087200000, 0x0000000087200000, 0x0000000087300000|  0%| F|  |TAMS 0x0000000087200000, 0x0000000087200000| Untracked 
|  95|0x0000000087300000, 0x0000000087300000, 0x0000000087400000|  0%| F|  |TAMS 0x0000000087300000, 0x0000000087300000| Untracked 
|  96|0x0000000087400000, 0x0000000087400000, 0x0000000087500000|  0%| F|  |TAMS 0x0000000087400000, 0x0000000087400000| Untracked 
|  97|0x0000000087500000, 0x0000000087500000, 0x0000000087600000|  0%| F|  |TAMS 0x0000000087500000, 0x0000000087500000| Untracked 
|  98|0x0000000087600000, 0x0000000087600000, 0x0000000087700000|  0%| F|  |TAMS 0x0000000087600000, 0x0000000087600000| Untracked 
|  99|0x0000000087700000, 0x0000000087700000, 0x0000000087800000|  0%| F|  |TAMS 0x0000000087700000, 0x0000000087700000| Untracked 
| 100|0x0000000087800000, 0x00000000878977c8, 0x0000000087900000| 59%| S|CS|TAMS 0x0000000087800000, 0x0000000087800000| Complete 
| 101|0x0000000087900000, 0x0000000087900000, 0x0000000087a00000|  0%| F|  |TAMS 0x0000000087900000, 0x0000000087900000| Untracked 
| 102|0x0000000087a00000, 0x0000000087a00000, 0x0000000087b00000|  0%| F|  |TAMS 0x0000000087a00000, 0x0000000087a00000| Untracked 
| 103|0x0000000087b00000, 0x0000000087b00000, 0x0000000087c00000|  0%| F|  |TAMS 0x0000000087b00000, 0x0000000087b00000| Untracked 
| 104|0x0000000087c00000, 0x0000000087c00000, 0x0000000087d00000|  0%| F|  |TAMS 0x0000000087c00000, 0x0000000087c00000| Untracked 
| 105|0x0000000087d00000, 0x0000000087d00000, 0x0000000087e00000|  0%| F|  |TAMS 0x0000000087d00000, 0x0000000087d00000| Untracked 
| 106|0x0000000087e00000, 0x0000000087e00000, 0x0000000087f00000|  0%| F|  |TAMS 0x0000000087e00000, 0x0000000087e00000| Untracked 
| 107|0x0000000087f00000, 0x0000000087f00000, 0x0000000088000000|  0%| F|  |TAMS 0x0000000087f00000, 0x0000000087f00000| Untracked 
| 108|0x0000000088000000, 0x0000000088000000, 0x0000000088100000|  0%| F|  |TAMS 0x0000000088000000, 0x0000000088000000| Untracked 
| 109|0x0000000088100000, 0x0000000088100000, 0x0000000088200000|  0%| F|  |TAMS 0x0000000088100000, 0x0000000088100000| Untracked 
| 110|0x0000000088200000, 0x0000000088200000, 0x0000000088300000|  0%| F|  |TAMS 0x0000000088200000, 0x0000000088200000| Untracked 
| 111|0x0000000088300000, 0x0000000088300000, 0x0000000088400000|  0%| F|  |TAMS 0x0000000088300000, 0x0000000088300000| Untracked 
| 112|0x0000000088400000, 0x0000000088400000, 0x0000000088500000|  0%| F|  |TAMS 0x0000000088400000, 0x0000000088400000| Untracked 
| 113|0x0000000088500000, 0x0000000088500000, 0x0000000088600000|  0%| F|  |TAMS 0x0000000088500000, 0x0000000088500000| Untracked 
| 114|0x0000000088600000, 0x0000000088600000, 0x0000000088700000|  0%| F|  |TAMS 0x0000000088600000, 0x0000000088600000| Untracked 
| 115|0x0000000088700000, 0x0000000088700000, 0x0000000088800000|  0%| F|  |TAMS 0x0000000088700000, 0x0000000088700000| Untracked 
| 116|0x0000000088800000, 0x0000000088800000, 0x0000000088900000|  0%| F|  |TAMS 0x0000000088800000, 0x0000000088800000| Untracked 
| 117|0x0000000088900000, 0x0000000088900000, 0x0000000088a00000|  0%| F|  |TAMS 0x0000000088900000, 0x0000000088900000| Untracked 
| 118|0x0000000088a00000, 0x0000000088a00000, 0x0000000088b00000|  0%| F|  |TAMS 0x0000000088a00000, 0x0000000088a00000| Untracked 
| 119|0x0000000088b00000, 0x0000000088b00000, 0x0000000088c00000|  0%| F|  |TAMS 0x0000000088b00000, 0x0000000088b00000| Untracked 
| 120|0x0000000088c00000, 0x0000000088c00000, 0x0000000088d00000|  0%| F|  |TAMS 0x0000000088c00000, 0x0000000088c00000| Untracked 
| 121|0x0000000088d00000, 0x0000000088d00000, 0x0000000088e00000|  0%| F|  |TAMS 0x0000000088d00000, 0x0000000088d00000| Untracked 
| 122|0x0000000088e00000, 0x0000000088e00000, 0x0000000088f00000|  0%| F|  |TAMS 0x0000000088e00000, 0x0000000088e00000| Untracked 
| 123|0x0000000088f00000, 0x0000000088f00000, 0x0000000089000000|  0%| F|  |TAMS 0x0000000088f00000, 0x0000000088f00000| Untracked 
| 124|0x0000000089000000, 0x0000000089000000, 0x0000000089100000|  0%| F|  |TAMS 0x0000000089000000, 0x0000000089000000| Untracked 
| 125|0x0000000089100000, 0x0000000089100000, 0x0000000089200000|  0%| F|  |TAMS 0x0000000089100000, 0x0000000089100000| Untracked 
| 126|0x0000000089200000, 0x00000000892765c8, 0x0000000089300000| 46%| E|  |TAMS 0x0000000089200000, 0x0000000089200000| Complete 
| 127|0x0000000089300000, 0x0000000089400000, 0x0000000089400000|100%| E|CS|TAMS 0x0000000089300000, 0x0000000089300000| Complete 
| 128|0x0000000089400000, 0x0000000089500000, 0x0000000089500000|100%| E|CS|TAMS 0x0000000089400000, 0x0000000089400000| Complete 
| 129|0x0000000089500000, 0x0000000089600000, 0x0000000089600000|100%| E|CS|TAMS 0x0000000089500000, 0x0000000089500000| Complete 
| 130|0x0000000089600000, 0x0000000089700000, 0x0000000089700000|100%| E|  |TAMS 0x0000000089600000, 0x0000000089600000| Complete 
| 131|0x0000000089700000, 0x0000000089800000, 0x0000000089800000|100%| E|CS|TAMS 0x0000000089700000, 0x0000000089700000| Complete 
| 132|0x0000000089800000, 0x0000000089900000, 0x0000000089900000|100%| E|CS|TAMS 0x0000000089800000, 0x0000000089800000| Complete 
| 133|0x0000000089900000, 0x0000000089a00000, 0x0000000089a00000|100%| E|CS|TAMS 0x0000000089900000, 0x0000000089900000| Complete 
| 134|0x0000000089a00000, 0x0000000089b00000, 0x0000000089b00000|100%| E|CS|TAMS 0x0000000089a00000, 0x0000000089a00000| Complete 
| 135|0x0000000089b00000, 0x0000000089c00000, 0x0000000089c00000|100%| E|CS|TAMS 0x0000000089b00000, 0x0000000089b00000| Complete 
| 136|0x0000000089c00000, 0x0000000089d00000, 0x0000000089d00000|100%| E|CS|TAMS 0x0000000089c00000, 0x0000000089c00000| Complete 
| 137|0x0000000089d00000, 0x0000000089e00000, 0x0000000089e00000|100%| E|CS|TAMS 0x0000000089d00000, 0x0000000089d00000| Complete 
| 138|0x0000000089e00000, 0x0000000089f00000, 0x0000000089f00000|100%| E|CS|TAMS 0x0000000089e00000, 0x0000000089e00000| Complete 
| 139|0x0000000089f00000, 0x000000008a000000, 0x000000008a000000|100%| E|CS|TAMS 0x0000000089f00000, 0x0000000089f00000| Complete 
| 140|0x000000008a000000, 0x000000008a100000, 0x000000008a100000|100%| E|CS|TAMS 0x000000008a000000, 0x000000008a000000| Complete 
| 141|0x000000008a100000, 0x000000008a200000, 0x000000008a200000|100%| E|CS|TAMS 0x000000008a100000, 0x000000008a100000| Complete 
| 142|0x000000008a200000, 0x000000008a300000, 0x000000008a300000|100%| E|CS|TAMS 0x000000008a200000, 0x000000008a200000| Complete 
| 143|0x000000008a300000, 0x000000008a400000, 0x000000008a400000|100%| E|CS|TAMS 0x000000008a300000, 0x000000008a300000| Complete 
| 144|0x000000008a400000, 0x000000008a500000, 0x000000008a500000|100%| E|CS|TAMS 0x000000008a400000, 0x000000008a400000| Complete 
| 145|0x000000008a500000, 0x000000008a600000, 0x000000008a600000|100%| E|CS|TAMS 0x000000008a500000, 0x000000008a500000| Complete 
| 146|0x000000008a600000, 0x000000008a700000, 0x000000008a700000|100%| E|CS|TAMS 0x000000008a600000, 0x000000008a600000| Complete 
| 147|0x000000008a700000, 0x000000008a800000, 0x000000008a800000|100%| E|CS|TAMS 0x000000008a700000, 0x000000008a700000| Complete 
| 148|0x000000008a800000, 0x000000008a900000, 0x000000008a900000|100%| E|CS|TAMS 0x000000008a800000, 0x000000008a800000| Complete 
| 149|0x000000008a900000, 0x000000008aa00000, 0x000000008aa00000|100%| E|CS|TAMS 0x000000008a900000, 0x000000008a900000| Complete 
| 150|0x000000008aa00000, 0x000000008ab00000, 0x000000008ab00000|100%| E|CS|TAMS 0x000000008aa00000, 0x000000008aa00000| Complete 
| 151|0x000000008ab00000, 0x000000008ac00000, 0x000000008ac00000|100%| E|CS|TAMS 0x000000008ab00000, 0x000000008ab00000| Complete 
| 152|0x000000008ac00000, 0x000000008ad00000, 0x000000008ad00000|100%| E|CS|TAMS 0x000000008ac00000, 0x000000008ac00000| Complete 
| 153|0x000000008ad00000, 0x000000008ae00000, 0x000000008ae00000|100%| E|CS|TAMS 0x000000008ad00000, 0x000000008ad00000| Complete 
| 154|0x000000008ae00000, 0x000000008af00000, 0x000000008af00000|100%| E|CS|TAMS 0x000000008ae00000, 0x000000008ae00000| Complete 
| 155|0x000000008af00000, 0x000000008b000000, 0x000000008b000000|100%| E|CS|TAMS 0x000000008af00000, 0x000000008af00000| Complete 
| 156|0x000000008b000000, 0x000000008b100000, 0x000000008b100000|100%| E|CS|TAMS 0x000000008b000000, 0x000000008b000000| Complete 
| 157|0x000000008b100000, 0x000000008b200000, 0x000000008b200000|100%| E|CS|TAMS 0x000000008b100000, 0x000000008b100000| Complete 
| 158|0x000000008b200000, 0x000000008b300000, 0x000000008b300000|100%| E|CS|TAMS 0x000000008b200000, 0x000000008b200000| Complete 
| 159|0x000000008b300000, 0x000000008b400000, 0x000000008b400000|100%| E|CS|TAMS 0x000000008b300000, 0x000000008b300000| Complete 
| 160|0x000000008b400000, 0x000000008b500000, 0x000000008b500000|100%| E|CS|TAMS 0x000000008b400000, 0x000000008b400000| Complete 
| 161|0x000000008b500000, 0x000000008b600000, 0x000000008b600000|100%| E|CS|TAMS 0x000000008b500000, 0x000000008b500000| Complete 
| 162|0x000000008b600000, 0x000000008b700000, 0x000000008b700000|100%| E|CS|TAMS 0x000000008b600000, 0x000000008b600000| Complete 
| 163|0x000000008b700000, 0x000000008b800000, 0x000000008b800000|100%| E|CS|TAMS 0x000000008b700000, 0x000000008b700000| Complete 
| 164|0x000000008b800000, 0x000000008b900000, 0x000000008b900000|100%| E|CS|TAMS 0x000000008b800000, 0x000000008b800000| Complete 
| 165|0x000000008b900000, 0x000000008ba00000, 0x000000008ba00000|100%| E|CS|TAMS 0x000000008b900000, 0x000000008b900000| Complete 
| 166|0x000000008ba00000, 0x000000008bb00000, 0x000000008bb00000|100%| E|CS|TAMS 0x000000008ba00000, 0x000000008ba00000| Complete 
| 167|0x000000008bb00000, 0x000000008bc00000, 0x000000008bc00000|100%| E|CS|TAMS 0x000000008bb00000, 0x000000008bb00000| Complete 
| 168|0x000000008bc00000, 0x000000008bd00000, 0x000000008bd00000|100%| E|CS|TAMS 0x000000008bc00000, 0x000000008bc00000| Complete 
| 169|0x000000008bd00000, 0x000000008be00000, 0x000000008be00000|100%| E|CS|TAMS 0x000000008bd00000, 0x000000008bd00000| Complete 
| 170|0x000000008be00000, 0x000000008bf00000, 0x000000008bf00000|100%| E|CS|TAMS 0x000000008be00000, 0x000000008be00000| Complete 
| 171|0x000000008bf00000, 0x000000008c000000, 0x000000008c000000|100%| E|CS|TAMS 0x000000008bf00000, 0x000000008bf00000| Complete 
| 172|0x000000008c000000, 0x000000008c100000, 0x000000008c100000|100%| E|CS|TAMS 0x000000008c000000, 0x000000008c000000| Complete 
| 173|0x000000008c100000, 0x000000008c200000, 0x000000008c200000|100%| E|CS|TAMS 0x000000008c100000, 0x000000008c100000| Complete 
| 174|0x000000008c200000, 0x000000008c300000, 0x000000008c300000|100%| E|CS|TAMS 0x000000008c200000, 0x000000008c200000| Complete 
| 175|0x000000008c300000, 0x000000008c400000, 0x000000008c400000|100%| E|CS|TAMS 0x000000008c300000, 0x000000008c300000| Complete 
| 176|0x000000008c400000, 0x000000008c500000, 0x000000008c500000|100%| E|CS|TAMS 0x000000008c400000, 0x000000008c400000| Complete 
| 177|0x000000008c500000, 0x000000008c600000, 0x000000008c600000|100%| E|CS|TAMS 0x000000008c500000, 0x000000008c500000| Complete 
| 178|0x000000008c600000, 0x000000008c700000, 0x000000008c700000|100%| E|CS|TAMS 0x000000008c600000, 0x000000008c600000| Complete 
| 179|0x000000008c700000, 0x000000008c800000, 0x000000008c800000|100%| E|CS|TAMS 0x000000008c700000, 0x000000008c700000| Complete 
| 180|0x000000008c800000, 0x000000008c900000, 0x000000008c900000|100%| E|CS|TAMS 0x000000008c800000, 0x000000008c800000| Complete 
| 181|0x000000008c900000, 0x000000008ca00000, 0x000000008ca00000|100%| E|CS|TAMS 0x000000008c900000, 0x000000008c900000| Complete 
| 182|0x000000008ca00000, 0x000000008cb00000, 0x000000008cb00000|100%| E|CS|TAMS 0x000000008ca00000, 0x000000008ca00000| Complete 
| 183|0x000000008cb00000, 0x000000008cc00000, 0x000000008cc00000|100%| E|CS|TAMS 0x000000008cb00000, 0x000000008cb00000| Complete 
| 184|0x000000008cc00000, 0x000000008cd00000, 0x000000008cd00000|100%| E|CS|TAMS 0x000000008cc00000, 0x000000008cc00000| Complete 
| 185|0x000000008cd00000, 0x000000008ce00000, 0x000000008ce00000|100%| E|CS|TAMS 0x000000008cd00000, 0x000000008cd00000| Complete 
| 186|0x000000008ce00000, 0x000000008cf00000, 0x000000008cf00000|100%| E|CS|TAMS 0x000000008ce00000, 0x000000008ce00000| Complete 
| 187|0x000000008cf00000, 0x000000008d000000, 0x000000008d000000|100%| E|CS|TAMS 0x000000008cf00000, 0x000000008cf00000| Complete 
| 188|0x000000008d000000, 0x000000008d100000, 0x000000008d100000|100%| E|CS|TAMS 0x000000008d000000, 0x000000008d000000| Complete 
| 189|0x000000008d100000, 0x000000008d200000, 0x000000008d200000|100%| E|CS|TAMS 0x000000008d100000, 0x000000008d100000| Complete 
| 190|0x000000008d200000, 0x000000008d300000, 0x000000008d300000|100%| E|CS|TAMS 0x000000008d200000, 0x000000008d200000| Complete 
| 191|0x000000008d300000, 0x000000008d400000, 0x000000008d400000|100%| E|CS|TAMS 0x000000008d300000, 0x000000008d300000| Complete 
| 192|0x000000008d400000, 0x000000008d500000, 0x000000008d500000|100%| E|CS|TAMS 0x000000008d400000, 0x000000008d400000| Complete 
| 193|0x000000008d500000, 0x000000008d600000, 0x000000008d600000|100%| E|CS|TAMS 0x000000008d500000, 0x000000008d500000| Complete 
| 194|0x000000008d600000, 0x000000008d700000, 0x000000008d700000|100%| E|CS|TAMS 0x000000008d600000, 0x000000008d600000| Complete 
| 195|0x000000008d700000, 0x000000008d800000, 0x000000008d800000|100%| E|CS|TAMS 0x000000008d700000, 0x000000008d700000| Complete 
| 196|0x000000008d800000, 0x000000008d900000, 0x000000008d900000|100%| E|CS|TAMS 0x000000008d800000, 0x000000008d800000| Complete 
| 197|0x000000008d900000, 0x000000008da00000, 0x000000008da00000|100%| E|CS|TAMS 0x000000008d900000, 0x000000008d900000| Complete 
| 198|0x000000008da00000, 0x000000008db00000, 0x000000008db00000|100%| E|CS|TAMS 0x000000008da00000, 0x000000008da00000| Complete 
| 199|0x000000008db00000, 0x000000008dc00000, 0x000000008dc00000|100%| E|CS|TAMS 0x000000008db00000, 0x000000008db00000| Complete 
| 200|0x000000008dc00000, 0x000000008dd00000, 0x000000008dd00000|100%| E|CS|TAMS 0x000000008dc00000, 0x000000008dc00000| Complete 
| 201|0x000000008dd00000, 0x000000008de00000, 0x000000008de00000|100%| E|CS|TAMS 0x000000008dd00000, 0x000000008dd00000| Complete 
| 202|0x000000008de00000, 0x000000008df00000, 0x000000008df00000|100%| E|CS|TAMS 0x000000008de00000, 0x000000008de00000| Complete 
| 203|0x000000008df00000, 0x000000008e000000, 0x000000008e000000|100%| E|CS|TAMS 0x000000008df00000, 0x000000008df00000| Complete 
| 204|0x000000008e000000, 0x000000008e100000, 0x000000008e100000|100%| E|CS|TAMS 0x000000008e000000, 0x000000008e000000| Complete 
| 205|0x000000008e100000, 0x000000008e200000, 0x000000008e200000|100%| E|CS|TAMS 0x000000008e100000, 0x000000008e100000| Complete 
| 206|0x000000008e200000, 0x000000008e300000, 0x000000008e300000|100%| E|CS|TAMS 0x000000008e200000, 0x000000008e200000| Complete 
| 207|0x000000008e300000, 0x000000008e400000, 0x000000008e400000|100%| E|CS|TAMS 0x000000008e300000, 0x000000008e300000| Complete 
| 208|0x000000008e400000, 0x000000008e500000, 0x000000008e500000|100%| E|CS|TAMS 0x000000008e400000, 0x000000008e400000| Complete 
| 209|0x000000008e500000, 0x000000008e600000, 0x000000008e600000|100%| E|CS|TAMS 0x000000008e500000, 0x000000008e500000| Complete 
| 210|0x000000008e600000, 0x000000008e700000, 0x000000008e700000|100%| E|CS|TAMS 0x000000008e600000, 0x000000008e600000| Complete 
| 211|0x000000008e700000, 0x000000008e800000, 0x000000008e800000|100%| E|CS|TAMS 0x000000008e700000, 0x000000008e700000| Complete 
| 212|0x000000008e800000, 0x000000008e900000, 0x000000008e900000|100%| E|CS|TAMS 0x000000008e800000, 0x000000008e800000| Complete 
| 213|0x000000008e900000, 0x000000008ea00000, 0x000000008ea00000|100%| E|CS|TAMS 0x000000008e900000, 0x000000008e900000| Complete 
| 214|0x000000008ea00000, 0x000000008eb00000, 0x000000008eb00000|100%| E|CS|TAMS 0x000000008ea00000, 0x000000008ea00000| Complete 
| 215|0x000000008eb00000, 0x000000008ec00000, 0x000000008ec00000|100%| E|CS|TAMS 0x000000008eb00000, 0x000000008eb00000| Complete 
| 216|0x000000008ec00000, 0x000000008ed00000, 0x000000008ed00000|100%| E|CS|TAMS 0x000000008ec00000, 0x000000008ec00000| Complete 
| 217|0x000000008ed00000, 0x000000008ee00000, 0x000000008ee00000|100%| E|CS|TAMS 0x000000008ed00000, 0x000000008ed00000| Complete 
| 218|0x000000008ee00000, 0x000000008ef00000, 0x000000008ef00000|100%| E|CS|TAMS 0x000000008ee00000, 0x000000008ee00000| Complete 
| 219|0x000000008ef00000, 0x000000008f000000, 0x000000008f000000|100%| E|CS|TAMS 0x000000008ef00000, 0x000000008ef00000| Complete 
| 220|0x000000008f000000, 0x000000008f100000, 0x000000008f100000|100%| E|CS|TAMS 0x000000008f000000, 0x000000008f000000| Complete 
| 221|0x000000008f100000, 0x000000008f200000, 0x000000008f200000|100%| E|CS|TAMS 0x000000008f100000, 0x000000008f100000| Complete 
| 222|0x000000008f200000, 0x000000008f300000, 0x000000008f300000|100%| E|CS|TAMS 0x000000008f200000, 0x000000008f200000| Complete 
| 223|0x000000008f300000, 0x000000008f400000, 0x000000008f400000|100%| E|CS|TAMS 0x000000008f300000, 0x000000008f300000| Complete 
| 224|0x000000008f400000, 0x000000008f500000, 0x000000008f500000|100%| E|CS|TAMS 0x000000008f400000, 0x000000008f400000| Complete 
| 225|0x000000008f500000, 0x000000008f600000, 0x000000008f600000|100%| E|CS|TAMS 0x000000008f500000, 0x000000008f500000| Complete 
| 226|0x000000008f600000, 0x000000008f700000, 0x000000008f700000|100%| E|CS|TAMS 0x000000008f600000, 0x000000008f600000| Complete 
| 227|0x000000008f700000, 0x000000008f800000, 0x000000008f800000|100%| E|CS|TAMS 0x000000008f700000, 0x000000008f700000| Complete 
| 228|0x000000008f800000, 0x000000008f900000, 0x000000008f900000|100%| E|CS|TAMS 0x000000008f800000, 0x000000008f800000| Complete 
| 229|0x000000008f900000, 0x000000008fa00000, 0x000000008fa00000|100%| E|CS|TAMS 0x000000008f900000, 0x000000008f900000| Complete 
| 230|0x000000008fa00000, 0x000000008fb00000, 0x000000008fb00000|100%| E|CS|TAMS 0x000000008fa00000, 0x000000008fa00000| Complete 
| 231|0x000000008fb00000, 0x000000008fc00000, 0x000000008fc00000|100%| E|CS|TAMS 0x000000008fb00000, 0x000000008fb00000| Complete 
| 232|0x000000008fc00000, 0x000000008fd00000, 0x000000008fd00000|100%| E|CS|TAMS 0x000000008fc00000, 0x000000008fc00000| Complete 
| 233|0x000000008fd00000, 0x000000008fe00000, 0x000000008fe00000|100%| E|CS|TAMS 0x000000008fd00000, 0x000000008fd00000| Complete 
| 234|0x000000008fe00000, 0x000000008ff00000, 0x000000008ff00000|100%| E|CS|TAMS 0x000000008fe00000, 0x000000008fe00000| Complete 
| 235|0x000000008ff00000, 0x0000000090000000, 0x0000000090000000|100%| E|CS|TAMS 0x000000008ff00000, 0x000000008ff00000| Complete 
| 236|0x0000000090000000, 0x0000000090100000, 0x0000000090100000|100%| E|CS|TAMS 0x0000000090000000, 0x0000000090000000| Complete 
| 237|0x0000000090100000, 0x0000000090200000, 0x0000000090200000|100%| E|CS|TAMS 0x0000000090100000, 0x0000000090100000| Complete 
| 238|0x0000000090200000, 0x0000000090300000, 0x0000000090300000|100%| E|CS|TAMS 0x0000000090200000, 0x0000000090200000| Complete 
| 239|0x0000000090300000, 0x0000000090400000, 0x0000000090400000|100%| E|CS|TAMS 0x0000000090300000, 0x0000000090300000| Complete 
| 240|0x0000000090400000, 0x0000000090500000, 0x0000000090500000|100%| E|CS|TAMS 0x0000000090400000, 0x0000000090400000| Complete 
| 241|0x0000000090500000, 0x0000000090600000, 0x0000000090600000|100%| E|CS|TAMS 0x0000000090500000, 0x0000000090500000| Complete 
| 242|0x0000000090600000, 0x0000000090700000, 0x0000000090700000|100%| E|CS|TAMS 0x0000000090600000, 0x0000000090600000| Complete 
| 243|0x0000000090700000, 0x0000000090800000, 0x0000000090800000|100%| E|CS|TAMS 0x0000000090700000, 0x0000000090700000| Complete 
| 244|0x0000000090800000, 0x0000000090900000, 0x0000000090900000|100%| E|CS|TAMS 0x0000000090800000, 0x0000000090800000| Complete 
| 245|0x0000000090900000, 0x0000000090a00000, 0x0000000090a00000|100%| E|CS|TAMS 0x0000000090900000, 0x0000000090900000| Complete 
| 246|0x0000000090a00000, 0x0000000090b00000, 0x0000000090b00000|100%| E|CS|TAMS 0x0000000090a00000, 0x0000000090a00000| Complete 
| 247|0x0000000090b00000, 0x0000000090c00000, 0x0000000090c00000|100%| E|CS|TAMS 0x0000000090b00000, 0x0000000090b00000| Complete 
| 248|0x0000000090c00000, 0x0000000090d00000, 0x0000000090d00000|100%| E|CS|TAMS 0x0000000090c00000, 0x0000000090c00000| Complete 

Card table byte_map: [0x000002551a540000,0x000002551a940000] _byte_map_base: 0x000002551a136000

Marking Bits (Prev, Next): (CMBitMap*) 0x00000255077b4310, (CMBitMap*) 0x00000255077b42d0
 Prev Bits: [0x000002551ccf0000, 0x000002551eca0000)
 Next Bits: [0x000002551ad40000, 0x000002551ccf0000)

Polling page: 0x0000025506ec0000

Metaspace:

Usage:
  Non-class:     62.54 MB used.
      Class:      8.76 MB used.
       Both:     71.30 MB used.

Virtual space:
  Non-class space:       64.00 MB reserved,      62.75 MB ( 98%) committed,  8 nodes.
      Class space:        1.00 GB reserved,       8.94 MB ( <1%) committed,  1 nodes.
             Both:        1.06 GB reserved,      71.69 MB (  7%) committed. 

Chunk freelists:
   Non-Class:  947.00 KB
       Class:  3.07 MB
        Both:  3.99 MB

MaxMetaspaceSize: unlimited
CompressedClassSpaceSize: 1.00 GB
Initial GC threshold: 21.00 MB
Current GC threshold: 98.69 MB
CDS: off
MetaspaceReclaimPolicy: balanced
 - commit_granule_bytes: 65536.
 - commit_granule_words: 8192.
 - virtual_space_node_default_size: 1048576.
 - enlarge_chunks_in_place: 1.
 - new_chunks_are_fully_committed: 0.
 - uncommit_free_chunks: 1.
 - use_allocation_guard: 0.
 - handle_deallocations: 1.


Internal statistics:

num_allocs_failed_limit: 9.
num_arena_births: 564.
num_arena_deaths: 0.
num_vsnodes_births: 9.
num_vsnodes_deaths: 0.
num_space_committed: 1147.
num_space_uncommitted: 0.
num_chunks_returned_to_freelist: 9.
num_chunks_taken_from_freelist: 3016.
num_chunk_merges: 9.
num_chunk_splits: 2080.
num_chunks_enlarged: 1588.
num_purges: 0.
num_inconsistent_stats: 0.

CodeHeap 'non-profiled nmethods': size=120000Kb used=12739Kb max_used=12739Kb free=107260Kb
 bounds [0x00000255128e0000, 0x0000025513560000, 0x0000025519e10000]
CodeHeap 'profiled nmethods': size=120000Kb used=15023Kb max_used=19083Kb free=104976Kb
 bounds [0x000002550b3b0000, 0x000002550c670000, 0x00000255128e0000]
CodeHeap 'non-nmethods': size=5760Kb used=1325Kb max_used=1449Kb free=4434Kb
 bounds [0x000002550ae10000, 0x000002550b080000, 0x000002550b3b0000]
 total_blobs=9884 nmethods=9234 adapters=561
 compilation: enabled
              stopped_count=0, restarted_count=0
 full_count=0

Compilation events (20 events):
Event: 2032.324 Thread 0x000002552211aa00 nmethod 12144 0x000002551354c490 code [0x000002551354c600, 0x000002551354c698]
Event: 2032.705 Thread 0x000002552211b4a0 12145   !   3       org.apache.catalina.connector.OutputBuffer::doFlush (117 bytes)
Event: 2032.706 Thread 0x000002552211aa00 12146       4       org.apache.catalina.connector.Request::setAsyncSupported (9 bytes)
Event: 2032.759 Thread 0x000002552211b4a0 nmethod 12145 0x000002550bf8df90 code [0x000002550bf8e260, 0x000002550bf8f2b8]
Event: 2032.759 Thread 0x000002552211b4a0 12147   !   3       org.apache.coyote.http11.Http11Processor::service (1189 bytes)
Event: 2032.760 Thread 0x000002552211aa00 nmethod 12146 0x000002551354c790 code [0x000002551354c900, 0x000002551354ca78]
Event: 2032.760 Thread 0x000002552211aa00 12148       4       org.springframework.security.core.context.SecurityContextHolder::clearContext (9 bytes)
Event: 2032.771 Thread 0x000002552211aa00 nmethod 12148 0x000002551354cb10 code [0x000002551354ccc0, 0x000002551354d408]
Event: 2032.775 Thread 0x000002552211aa00 12157       4       org.apache.coyote.Request::updateCounters (8 bytes)
Event: 2032.778 Thread 0x000002552211aa00 nmethod 12157 0x000002551354d890 code [0x000002551354da20, 0x000002551354dc88]
Event: 2032.780 Thread 0x000002552211aa00 12158       4       org.apache.catalina.connector.CoyoteAdapter::checkRecycled (158 bytes)
Event: 2032.783 Thread 0x000002552211aa00 nmethod 12158 0x000002551354de10 code [0x000002551354dfa0, 0x000002551354e1f8]
Event: 2032.783 Thread 0x000002552211aa00 12159       4       org.apache.coyote.AbstractProtocol$RecycledProcessors::push (80 bytes)
Event: 2032.787 Thread 0x000002552211aa00 nmethod 12159 0x000002551354e510 code [0x000002551354e6a0, 0x000002551354ea78]
Event: 2032.787 Thread 0x000002552211aa00 12160       4       org.apache.coyote.ContainerThreadMarker::clear (4 bytes)
Event: 2032.790 Thread 0x000002552211b4a0 nmethod 12147 0x000002550c5cf110 code [0x000002550c5cfc00, 0x000002550c5d7fe8]
Event: 2032.790 Thread 0x000002552211b4a0 12149       3       org.apache.coyote.AbstractProtocol$ConnectionHandler::release (85 bytes)
Event: 2032.956 Thread 0x000002552211b4a0 nmethod 12149 0x000002550bf04b10 code [0x000002550bf04e40, 0x000002550bf05f78]
Event: 2032.957 Thread 0x000002552211aa00 nmethod 12160 0x000002551354ed10 code [0x000002551354eee0, 0x000002551354f668]
Event: 2032.957 Thread 0x000002552211aa00 12162   !   4       org.apache.coyote.AbstractProtocol$ConnectionHandler::process (1315 bytes)

GC Heap History (20 events):
Event: 2004.647 GC heap before
{Heap before GC invocations=125 (full 0):
 garbage-first heap   total 254976K, used 182112K [0x0000000081400000, 0x0000000100000000)
  region size 1024K, 149 young (152576K), 1 survivors (1024K)
 Metaspace       used 73008K, committed 73408K, reserved 1114112K
  class space    used 8971K, committed 9152K, reserved 1048576K
}
Event: 2004.649 GC heap after
{Heap after GC invocations=126 (full 0):
 garbage-first heap   total 254976K, used 31584K [0x0000000081400000, 0x0000000100000000)
  region size 1024K, 1 young (1024K), 1 survivors (1024K)
 Metaspace       used 73008K, committed 73408K, reserved 1114112K
  class space    used 8971K, committed 9152K, reserved 1048576K
}
Event: 2007.071 GC heap before
{Heap before GC invocations=126 (full 0):
 garbage-first heap   total 254976K, used 182112K [0x0000000081400000, 0x0000000100000000)
  region size 1024K, 149 young (152576K), 1 survivors (1024K)
 Metaspace       used 73008K, committed 73408K, reserved 1114112K
  class space    used 8971K, committed 9152K, reserved 1048576K
}
Event: 2007.072 GC heap after
{Heap after GC invocations=127 (full 0):
 garbage-first heap   total 254976K, used 31582K [0x0000000081400000, 0x0000000100000000)
  region size 1024K, 1 young (1024K), 1 survivors (1024K)
 Metaspace       used 73008K, committed 73408K, reserved 1114112K
  class space    used 8971K, committed 9152K, reserved 1048576K
}
Event: 2008.367 GC heap before
{Heap before GC invocations=127 (full 0):
 garbage-first heap   total 254976K, used 182110K [0x0000000081400000, 0x0000000100000000)
  region size 1024K, 149 young (152576K), 1 survivors (1024K)
 Metaspace       used 73008K, committed 73408K, reserved 1114112K
  class space    used 8971K, committed 9152K, reserved 1048576K
}
Event: 2008.368 GC heap after
{Heap after GC invocations=128 (full 0):
 garbage-first heap   total 254976K, used 31699K [0x0000000081400000, 0x0000000100000000)
  region size 1024K, 1 young (1024K), 1 survivors (1024K)
 Metaspace       used 73008K, committed 73408K, reserved 1114112K
  class space    used 8971K, committed 9152K, reserved 1048576K
}
Event: 2010.065 GC heap before
{Heap before GC invocations=128 (full 0):
 garbage-first heap   total 254976K, used 182227K [0x0000000081400000, 0x0000000100000000)
  region size 1024K, 149 young (152576K), 1 survivors (1024K)
 Metaspace       used 73008K, committed 73408K, reserved 1114112K
  class space    used 8971K, committed 9152K, reserved 1048576K
}
Event: 2010.066 GC heap after
{Heap after GC invocations=129 (full 0):
 garbage-first heap   total 254976K, used 31582K [0x0000000081400000, 0x0000000100000000)
  region size 1024K, 1 young (1024K), 1 survivors (1024K)
 Metaspace       used 73008K, committed 73408K, reserved 1114112K
  class space    used 8971K, committed 9152K, reserved 1048576K
}
Event: 2013.860 GC heap before
{Heap before GC invocations=129 (full 0):
 garbage-first heap   total 254976K, used 182110K [0x0000000081400000, 0x0000000100000000)
  region size 1024K, 149 young (152576K), 1 survivors (1024K)
 Metaspace       used 73008K, committed 73408K, reserved 1114112K
  class space    used 8971K, committed 9152K, reserved 1048576K
}
Event: 2013.862 GC heap after
{Heap after GC invocations=130 (full 0):
 garbage-first heap   total 254976K, used 31699K [0x0000000081400000, 0x0000000100000000)
  region size 1024K, 1 young (1024K), 1 survivors (1024K)
 Metaspace       used 73008K, committed 73408K, reserved 1114112K
  class space    used 8971K, committed 9152K, reserved 1048576K
}
Event: 2016.073 GC heap before
{Heap before GC invocations=130 (full 0):
 garbage-first heap   total 254976K, used 182227K [0x0000000081400000, 0x0000000100000000)
  region size 1024K, 149 young (152576K), 1 survivors (1024K)
 Metaspace       used 73008K, committed 73408K, reserved 1114112K
  class space    used 8971K, committed 9152K, reserved 1048576K
}
Event: 2016.127 GC heap after
{Heap after GC invocations=131 (full 0):
 garbage-first heap   total 254976K, used 31589K [0x0000000081400000, 0x0000000100000000)
  region size 1024K, 1 young (1024K), 1 survivors (1024K)
 Metaspace       used 73008K, committed 73408K, reserved 1114112K
  class space    used 8971K, committed 9152K, reserved 1048576K
}
Event: 2018.730 GC heap before
{Heap before GC invocations=131 (full 0):
 garbage-first heap   total 254976K, used 182117K [0x0000000081400000, 0x0000000100000000)
  region size 1024K, 149 young (152576K), 1 survivors (1024K)
 Metaspace       used 73008K, committed 73408K, reserved 1114112K
  class space    used 8971K, committed 9152K, reserved 1048576K
}
Event: 2018.732 GC heap after
{Heap after GC invocations=132 (full 0):
 garbage-first heap   total 254976K, used 31707K [0x0000000081400000, 0x0000000100000000)
  region size 1024K, 1 young (1024K), 1 survivors (1024K)
 Metaspace       used 73008K, committed 73408K, reserved 1114112K
  class space    used 8971K, committed 9152K, reserved 1048576K
}
Event: 2024.374 GC heap before
{Heap before GC invocations=132 (full 0):
 garbage-first heap   total 254976K, used 182235K [0x0000000081400000, 0x0000000100000000)
  region size 1024K, 149 young (152576K), 1 survivors (1024K)
 Metaspace       used 73008K, committed 73408K, reserved 1114112K
  class space    used 8971K, committed 9152K, reserved 1048576K
}
Event: 2024.376 GC heap after
{Heap after GC invocations=133 (full 0):
 garbage-first heap   total 254976K, used 31701K [0x0000000081400000, 0x0000000100000000)
  region size 1024K, 1 young (1024K), 1 survivors (1024K)
 Metaspace       used 73008K, committed 73408K, reserved 1114112K
  class space    used 8971K, committed 9152K, reserved 1048576K
}
Event: 2028.336 GC heap before
{Heap before GC invocations=133 (full 0):
 garbage-first heap   total 254976K, used 182229K [0x0000000081400000, 0x0000000100000000)
  region size 1024K, 149 young (152576K), 1 survivors (1024K)
 Metaspace       used 73008K, committed 73408K, reserved 1114112K
  class space    used 8971K, committed 9152K, reserved 1048576K
}
Event: 2028.338 GC heap after
{Heap after GC invocations=134 (full 0):
 garbage-first heap   total 254976K, used 31587K [0x0000000081400000, 0x0000000100000000)
  region size 1024K, 1 young (1024K), 1 survivors (1024K)
 Metaspace       used 73008K, committed 73408K, reserved 1114112K
  class space    used 8971K, committed 9152K, reserved 1048576K
}
Event: 2030.639 GC heap before
{Heap before GC invocations=134 (full 0):
 garbage-first heap   total 254976K, used 182115K [0x0000000081400000, 0x0000000100000000)
  region size 1024K, 149 young (152576K), 1 survivors (1024K)
 Metaspace       used 73009K, committed 73408K, reserved 1114112K
  class space    used 8972K, committed 9152K, reserved 1048576K
}
Event: 2030.661 GC heap after
{Heap after GC invocations=135 (full 0):
 garbage-first heap   total 254976K, used 31713K [0x0000000081400000, 0x0000000100000000)
  region size 1024K, 1 young (1024K), 1 survivors (1024K)
 Metaspace       used 73009K, committed 73408K, reserved 1114112K
  class space    used 8972K, committed 9152K, reserved 1048576K
}

Deoptimization events (20 events):
Event: 2030.888 Thread 0x0000025527394870 Uncommon trap: trap_request=0xffffff45 fr.pc=0x00000255133f1754 relative=0x0000000000000b74
Event: 2030.888 Thread 0x0000025527394870 Uncommon trap: reason=unstable_if action=reinterpret pc=0x00000255133f1754 method=org.apache.coyote.Response.isErrorReportRequired()Z @ 8 c2
Event: 2030.888 Thread 0x0000025527394870 DEOPT PACKING pc=0x00000255133f1754 sp=0x000000557b8fef30
Event: 2030.893 Thread 0x0000025527394870 DEOPT UNPACKING pc=0x000002550ae623a3 sp=0x000000557b8fee28 mode 2
Event: 2030.893 Thread 0x0000025527394870 Uncommon trap: trap_request=0xffffff45 fr.pc=0x000002551352c5a8 relative=0x0000000000002008
Event: 2030.893 Thread 0x0000025527394870 Uncommon trap: reason=unstable_if action=reinterpret pc=0x000002551352c5a8 method=org.apache.catalina.valves.ErrorReportValve.invoke(Lorg/apache/catalina/connector/Request;Lorg/apache/catalina/connector/Response;)V @ 22 c2
Event: 2030.893 Thread 0x0000025527394870 DEOPT PACKING pc=0x000002551352c5a8 sp=0x000000557b8fefc0
Event: 2030.894 Thread 0x0000025527396080 Uncommon trap: trap_request=0xffffff45 fr.pc=0x00000255132ccacc relative=0x00000000000003ec
Event: 2030.895 Thread 0x0000025527396080 Uncommon trap: reason=unstable_if action=reinterpret pc=0x00000255132ccacc method=org.apache.catalina.valves.ErrorReportValve.invoke(Lorg/apache/catalina/connector/Request;Lorg/apache/catalina/connector/Response;)V @ 22 c2
Event: 2030.902 Thread 0x0000025527394870 DEOPT UNPACKING pc=0x000002550ae623a3 sp=0x000000557b8fee58 mode 2
Event: 2030.902 Thread 0x0000025527396080 DEOPT PACKING pc=0x00000255132ccacc sp=0x000000557b6ff140
Event: 2030.902 Thread 0x0000025527396080 DEOPT UNPACKING pc=0x000002550ae623a3 sp=0x000000557b6ff098 mode 2
Event: 2030.903 Thread 0x0000025527394870 Uncommon trap: trap_request=0xffffff45 fr.pc=0x0000025513280c10 relative=0x0000000000001bd0
Event: 2030.903 Thread 0x0000025527394870 Uncommon trap: reason=unstable_if action=reinterpret pc=0x0000025513280c10 method=org.apache.coyote.http11.Http11Processor.service(Lorg/apache/tomcat/util/net/SocketWrapperBase;)Lorg/apache/tomcat/util/net/AbstractEndpoint$Handler$SocketState; @ 756 c2
Event: 2030.903 Thread 0x0000025527394870 DEOPT PACKING pc=0x0000025513280c10 sp=0x000000557b8ff070
Event: 2030.909 Thread 0x0000025527393a00 Uncommon trap: trap_request=0xffffff45 fr.pc=0x00000255132a0818 relative=0x00000000000000f8
Event: 2030.909 Thread 0x0000025527393a00 Uncommon trap: reason=unstable_if action=reinterpret pc=0x00000255132a0818 method=org.apache.catalina.valves.ErrorReportValve.invoke(Lorg/apache/catalina/connector/Request;Lorg/apache/catalina/connector/Response;)V @ 22 c2
Event: 2030.909 Thread 0x0000025527393a00 DEOPT PACKING pc=0x00000255132a0818 sp=0x000000557bbfec80
Event: 2030.909 Thread 0x0000025527393a00 DEOPT UNPACKING pc=0x000002550ae623a3 sp=0x000000557bbfec30 mode 2
Event: 2030.915 Thread 0x0000025527394870 DEOPT UNPACKING pc=0x000002550ae623a3 sp=0x000000557b8ff048 mode 2

Classes unloaded (0 events):
No events

Classes redefined (0 events):
No events

Internal exceptions (20 events):
Event: 2032.771 Thread 0x0000025527394d40 Exception <a 'java/net/SocketException'{0x000000008d6dd298}: Connection reset by peer: shutdown> (0x000000008d6dd298) 
thrown [e:\jenkins\tmp\workspace\build\src\src\hotspot\share\prims\jni.cpp, line 535]
Event: 2032.775 Thread 0x0000025527396080 Exception <a 'java/io/IOException'{0x000000008d595d08}> (0x000000008d595d08) 
thrown [e:\jenkins\tmp\workspace\build\src\src\hotspot\share\prims\jni.cpp, line 516]
Event: 2032.780 Thread 0x0000025527393a00 Exception <a 'java/io/IOException'{0x000000008d5f08b8}> (0x000000008d5f08b8) 
thrown [e:\jenkins\tmp\workspace\build\src\src\hotspot\share\prims\jni.cpp, line 516]
Event: 2032.780 Thread 0x0000025527393a00 Exception <a 'java/io/IOException'{0x000000008d5f27c8}> (0x000000008d5f27c8) 
thrown [e:\jenkins\tmp\workspace\build\src\src\hotspot\share\prims\jni.cpp, line 516]
Event: 2032.784 Thread 0x0000025527396550 Exception <a 'java/io/IOException'{0x000000008d4aa048}> (0x000000008d4aa048) 
thrown [e:\jenkins\tmp\workspace\build\src\src\hotspot\share\prims\jni.cpp, line 516]
Event: 2032.785 Thread 0x0000025527396550 Exception <a 'java/io/IOException'{0x000000008d4abf58}> (0x000000008d4abf58) 
thrown [e:\jenkins\tmp\workspace\build\src\src\hotspot\share\prims\jni.cpp, line 516]
Event: 2032.789 Thread 0x0000025527396a20 Exception <a 'java/io/IOException'{0x000000008d352c08}> (0x000000008d352c08) 
thrown [e:\jenkins\tmp\workspace\build\src\src\hotspot\share\prims\jni.cpp, line 516]
Event: 2032.793 Thread 0x00000255273956e0 Exception <a 'java/io/IOException'{0x000000008d3fb868}> (0x000000008d3fb868) 
thrown [e:\jenkins\tmp\workspace\build\src\src\hotspot\share\prims\jni.cpp, line 516]
Event: 2032.829 Thread 0x0000025522f73240 Exception <a 'java/net/SocketException'{0x000000008d1ef658}: Connection reset by peer: shutdown> (0x000000008d1ef658) 
thrown [e:\jenkins\tmp\workspace\build\src\src\hotspot\share\prims\jni.cpp, line 535]
Event: 2032.833 Thread 0x0000025527394d40 Exception <a 'java/net/SocketException'{0x000000008d0a2e28}: Connection reset by peer: shutdown> (0x000000008d0a2e28) 
thrown [e:\jenkins\tmp\workspace\build\src\src\hotspot\share\prims\jni.cpp, line 535]
Event: 2032.837 Thread 0x0000025527396080 Exception <a 'java/io/IOException'{0x000000008cf44e70}> (0x000000008cf44e70) 
thrown [e:\jenkins\tmp\workspace\build\src\src\hotspot\share\prims\jni.cpp, line 516]
Event: 2032.837 Thread 0x0000025527396080 Exception <a 'java/io/IOException'{0x000000008cf46d80}> (0x000000008cf46d80) 
thrown [e:\jenkins\tmp\workspace\build\src\src\hotspot\share\prims\jni.cpp, line 516]
Event: 2032.844 Thread 0x0000025527396550 Exception <a 'java/net/SocketException'{0x000000008ceac780}: Connection reset by peer: shutdown> (0x000000008ceac780) 
thrown [e:\jenkins\tmp\workspace\build\src\src\hotspot\share\prims\jni.cpp, line 535]
Event: 2032.847 Thread 0x0000025527396a20 Exception <a 'java/io/IOException'{0x000000008cd41530}> (0x000000008cd41530) 
thrown [e:\jenkins\tmp\workspace\build\src\src\hotspot\share\prims\jni.cpp, line 516]
Event: 2032.848 Thread 0x0000025527396a20 Exception <a 'java/io/IOException'{0x000000008cd43440}> (0x000000008cd43440) 
thrown [e:\jenkins\tmp\workspace\build\src\src\hotspot\share\prims\jni.cpp, line 516]
Event: 2032.856 Thread 0x0000025527395210 Exception <a 'java/io/IOException'{0x000000008ccae888}> (0x000000008ccae888) 
thrown [e:\jenkins\tmp\workspace\build\src\src\hotspot\share\prims\jni.cpp, line 516]
Event: 2032.859 Thread 0x0000025527395bb0 Exception <a 'java/io/IOException'{0x000000008ccf7b90}> (0x000000008ccf7b90) 
thrown [e:\jenkins\tmp\workspace\build\src\src\hotspot\share\prims\jni.cpp, line 516]
Event: 2032.863 Thread 0x0000025522f73240 Exception <a 'java/io/IOException'{0x000000008cbfa580}> (0x000000008cbfa580) 
thrown [e:\jenkins\tmp\workspace\build\src\src\hotspot\share\prims\jni.cpp, line 516]
Event: 2032.864 Thread 0x0000025522f73240 Exception <a 'java/io/IOException'{0x000000008cbfc490}> (0x000000008cbfc490) 
thrown [e:\jenkins\tmp\workspace\build\src\src\hotspot\share\prims\jni.cpp, line 516]
Event: 2032.868 Thread 0x0000025527394d40 Exception <a 'java/io/IOException'{0x000000008d0e55b8}> (0x000000008d0e55b8) 
thrown [e:\jenkins\tmp\workspace\build\src\src\hotspot\share\prims\jni.cpp, line 516]

VM Operations (20 events):
Event: 2008.367 Executing VM operation: G1CollectForAllocation
Event: 2008.368 Executing VM operation: G1CollectForAllocation done
Event: 2010.065 Executing VM operation: G1CollectForAllocation
Event: 2010.066 Executing VM operation: G1CollectForAllocation done
Event: 2013.860 Executing VM operation: G1CollectForAllocation
Event: 2013.862 Executing VM operation: G1CollectForAllocation done
Event: 2016.073 Executing VM operation: G1CollectForAllocation
Event: 2016.127 Executing VM operation: G1CollectForAllocation done
Event: 2018.730 Executing VM operation: G1CollectForAllocation
Event: 2018.732 Executing VM operation: G1CollectForAllocation done
Event: 2024.374 Executing VM operation: G1CollectForAllocation
Event: 2024.376 Executing VM operation: G1CollectForAllocation done
Event: 2028.336 Executing VM operation: G1CollectForAllocation
Event: 2028.338 Executing VM operation: G1CollectForAllocation done
Event: 2030.353 Executing VM operation: G1CollectForAllocation
Event: 2030.662 Executing VM operation: G1CollectForAllocation done
Event: 2030.662 Executing VM operation: HandshakeAllThreads
Event: 2030.662 Executing VM operation: HandshakeAllThreads done
Event: 2031.671 Executing VM operation: Cleanup
Event: 2031.672 Executing VM operation: Cleanup done

Events (20 events):
Event: 1875.086 Thread 0x000002552211c670 flushing nmethod 0x000002550bd65d90
Event: 1875.086 Thread 0x000002552211c670 flushing nmethod 0x000002550bd73c90
Event: 1875.086 Thread 0x000002552211c670 flushing nmethod 0x000002550bd8d210
Event: 1875.086 Thread 0x000002552211c670 flushing nmethod 0x000002550bda1f10
Event: 1875.086 Thread 0x000002552211c670 flushing nmethod 0x000002550bdd5690
Event: 1875.086 Thread 0x000002552211c670 flushing nmethod 0x000002550bdd9090
Event: 1875.086 Thread 0x000002552211c670 flushing nmethod 0x000002550bdeb410
Event: 1875.086 Thread 0x000002552211c670 flushing nmethod 0x000002550bdfe710
Event: 1875.086 Thread 0x000002552211c670 flushing nmethod 0x000002550be6ec10
Event: 1875.086 Thread 0x000002552211c670 flushing nmethod 0x000002550be78c90
Event: 1875.086 Thread 0x000002552211c670 flushing nmethod 0x000002550bea3190
Event: 1875.086 Thread 0x000002552211c670 flushing nmethod 0x000002550beb3b90
Event: 1875.086 Thread 0x000002552211c670 flushing nmethod 0x000002550bf24010
Event: 1875.087 Thread 0x000002552211c670 flushing nmethod 0x000002550bfc7c10
Event: 1878.136 Thread 0x00000255290692c0 Thread added: 0x00000255290692c0
Event: 1878.456 Thread 0x00000255290692c0 Thread exited: 0x00000255290692c0
Event: 1947.526 Thread 0x00000255290692c0 Thread added: 0x00000255290692c0
Event: 1947.864 Thread 0x00000255290692c0 Thread exited: 0x00000255290692c0
Event: 2030.395 loading class sun/net/ConnectionResetException
Event: 2030.629 loading class sun/net/ConnectionResetException done


Dynamic libraries:
0x00007ff7adb00000 - 0x00007ff7adb0e000 	C:\Users\Welcome\Downloads\sts-4.13.1.RELEASE\plugins\org.eclipse.justj.openjdk.hotspot.jre.full.win32.x86_64_17.0.1.v20211116-1657\jre\bin\javaw.exe
0x00007fffc33d0000 - 0x00007fffc35c5000 	C:\Windows\SYSTEM32\ntdll.dll
0x00007fffc19d0000 - 0x00007fffc1a8e000 	C:\Windows\System32\KERNEL32.DLL
0x00007fffc0bf0000 - 0x00007fffc0eb8000 	C:\Windows\System32\KERNELBASE.dll
0x00007fffa8540000 - 0x00007fffa8563000 	C:\Windows\system32\atklshld64.dll
0x00007fffc1d00000 - 0x00007fffc1ea0000 	C:\Windows\System32\USER32.dll
0x00007fffc1400000 - 0x00007fffc1422000 	C:\Windows\System32\win32u.dll
0x00007fffc1cd0000 - 0x00007fffc1cfb000 	C:\Windows\System32\GDI32.dll
0x00007fffc1190000 - 0x00007fffc129b000 	C:\Windows\System32\gdi32full.dll
0x00007fffc0f30000 - 0x00007fffc0fcd000 	C:\Windows\System32\msvcp_win.dll
0x00007fffc1090000 - 0x00007fffc1190000 	C:\Windows\System32\ucrtbase.dll
0x00007fffc2af0000 - 0x00007fffc2b9e000 	C:\Windows\System32\ADVAPI32.dll
0x00007fffc2ce0000 - 0x00007fffc2d7e000 	C:\Windows\System32\msvcrt.dll
0x00007fffc1bd0000 - 0x00007fffc1c6c000 	C:\Windows\System32\sechost.dll
0x00007fffc2d80000 - 0x00007fffc2ea5000 	C:\Windows\System32\RPCRT4.dll
0x00007fff91360000 - 0x00007fff91378000 	C:\Users\Welcome\Downloads\sts-4.13.1.RELEASE\plugins\org.eclipse.justj.openjdk.hotspot.jre.full.win32.x86_64_17.0.1.v20211116-1657\jre\bin\jli.dll
0x00007fff8fff0000 - 0x00007fff90009000 	C:\Users\Welcome\Downloads\sts-4.13.1.RELEASE\plugins\org.eclipse.justj.openjdk.hotspot.jre.full.win32.x86_64_17.0.1.v20211116-1657\jre\bin\VCRUNTIME140.dll
0x00007fffa8070000 - 0x00007fffa830a000 	C:\Windows\WinSxS\amd64_microsoft.windows.common-controls_6595b64144ccf1df_6.0.19041.1110_none_60b5254171f9507e\COMCTL32.dll
0x00007fffc2a40000 - 0x00007fffc2a70000 	C:\Windows\System32\IMM32.DLL
0x00007fffbae10000 - 0x00007fffbae1c000 	C:\Users\Welcome\Downloads\sts-4.13.1.RELEASE\plugins\org.eclipse.justj.openjdk.hotspot.jre.full.win32.x86_64_17.0.1.v20211116-1657\jre\bin\vcruntime140_1.dll
0x00007fff66e10000 - 0x00007fff66ea1000 	C:\Users\Welcome\Downloads\sts-4.13.1.RELEASE\plugins\org.eclipse.justj.openjdk.hotspot.jre.full.win32.x86_64_17.0.1.v20211116-1657\jre\bin\msvcp140.dll
0x00007fff57ef0000 - 0x00007fff58b36000 	C:\Users\Welcome\Downloads\sts-4.13.1.RELEASE\plugins\org.eclipse.justj.openjdk.hotspot.jre.full.win32.x86_64_17.0.1.v20211116-1657\jre\bin\server\jvm.dll
0x00007fffc2ae0000 - 0x00007fffc2ae8000 	C:\Windows\System32\PSAPI.DLL
0x00007fffa6400000 - 0x00007fffa6427000 	C:\Windows\SYSTEM32\WINMM.dll
0x00007fff99cc0000 - 0x00007fff99cc9000 	C:\Windows\SYSTEM32\WSOCK32.dll
0x00007fffb9da0000 - 0x00007fffb9daa000 	C:\Windows\SYSTEM32\VERSION.dll
0x00007fffc2a70000 - 0x00007fffc2adb000 	C:\Windows\System32\WS2_32.dll
0x00007fffbf340000 - 0x00007fffbf352000 	C:\Windows\SYSTEM32\kernel.appcore.dll
0x00007fffbd220000 - 0x00007fffbd22a000 	C:\Users\Welcome\Downloads\sts-4.13.1.RELEASE\plugins\org.eclipse.justj.openjdk.hotspot.jre.full.win32.x86_64_17.0.1.v20211116-1657\jre\bin\jimage.dll
0x00007fffbe880000 - 0x00007fffbea64000 	C:\Windows\SYSTEM32\DBGHELP.DLL
0x00007fffa91f0000 - 0x00007fffa921c000 	C:\Windows\SYSTEM32\dbgcore.DLL
0x00007fffc1000000 - 0x00007fffc1082000 	C:\Windows\System32\bcryptPrimitives.dll
0x00007fffb7ce0000 - 0x00007fffb7d05000 	C:\Users\Welcome\Downloads\sts-4.13.1.RELEASE\plugins\org.eclipse.justj.openjdk.hotspot.jre.full.win32.x86_64_17.0.1.v20211116-1657\jre\bin\java.dll
0x00007fffa88d0000 - 0x00007fffa88e8000 	C:\Users\Welcome\Downloads\sts-4.13.1.RELEASE\plugins\org.eclipse.justj.openjdk.hotspot.jre.full.win32.x86_64_17.0.1.v20211116-1657\jre\bin\zip.dll
0x00007fffc2130000 - 0x00007fffc2874000 	C:\Windows\System32\SHELL32.dll
0x00007fffbeb60000 - 0x00007fffbf2f4000 	C:\Windows\SYSTEM32\windows.storage.dll
0x00007fffc2f10000 - 0x00007fffc3264000 	C:\Windows\System32\combase.dll
0x00007fffc0550000 - 0x00007fffc057c000 	C:\Windows\SYSTEM32\Wldp.dll
0x00007fffc2ba0000 - 0x00007fffc2c4d000 	C:\Windows\System32\SHCORE.dll
0x00007fffc1c70000 - 0x00007fffc1cc5000 	C:\Windows\System32\shlwapi.dll
0x00007fffc0a30000 - 0x00007fffc0a4f000 	C:\Windows\SYSTEM32\profapi.dll
0x00007fffa8580000 - 0x00007fffa8599000 	C:\Users\Welcome\Downloads\sts-4.13.1.RELEASE\plugins\org.eclipse.justj.openjdk.hotspot.jre.full.win32.x86_64_17.0.1.v20211116-1657\jre\bin\net.dll
0x00007fffb8920000 - 0x00007fffb8a29000 	C:\Windows\SYSTEM32\WINHTTP.dll
0x00007fffc0250000 - 0x00007fffc02ba000 	C:\Windows\system32\mswsock.dll
0x00007fffa5ee0000 - 0x00007fffa5ef5000 	C:\Users\Welcome\Downloads\sts-4.13.1.RELEASE\plugins\org.eclipse.justj.openjdk.hotspot.jre.full.win32.x86_64_17.0.1.v20211116-1657\jre\bin\nio.dll
0x00007fffbd1a0000 - 0x00007fffbd1b0000 	C:\Users\Welcome\Downloads\sts-4.13.1.RELEASE\plugins\org.eclipse.justj.openjdk.hotspot.jre.full.win32.x86_64_17.0.1.v20211116-1657\jre\bin\verify.dll
0x00007fffb8670000 - 0x00007fffb8679000 	C:\Users\Welcome\Downloads\sts-4.13.1.RELEASE\plugins\org.eclipse.justj.openjdk.hotspot.jre.full.win32.x86_64_17.0.1.v20211116-1657\jre\bin\management.dll
0x00007fffb7d60000 - 0x00007fffb7d6b000 	C:\Users\Welcome\Downloads\sts-4.13.1.RELEASE\plugins\org.eclipse.justj.openjdk.hotspot.jre.full.win32.x86_64_17.0.1.v20211116-1657\jre\bin\management_ext.dll
0x00007fff94540000 - 0x00007fff94557000 	C:\Windows\system32\napinsp.dll
0x00007fff94520000 - 0x00007fff9453b000 	C:\Windows\system32\pnrpnsp.dll
0x00007fffbb5c0000 - 0x00007fffbb5d5000 	C:\Windows\system32\wshbth.dll
0x00007fffbc400000 - 0x00007fffbc41d000 	C:\Windows\system32\NLAapi.dll
0x00007fffbff10000 - 0x00007fffbff4b000 	C:\Windows\SYSTEM32\IPHLPAPI.DLL
0x00007fffbff50000 - 0x00007fffc001a000 	C:\Windows\SYSTEM32\DNSAPI.dll
0x00007fffc1ff0000 - 0x00007fffc1ff8000 	C:\Windows\System32\NSI.dll
0x00007fff94500000 - 0x00007fff94512000 	C:\Windows\System32\winrnr.dll
0x00007fffb9960000 - 0x00007fffb996a000 	C:\Windows\System32\rasadhlp.dll
0x00007fffb56d0000 - 0x00007fffb574f000 	C:\Windows\System32\fwpuclnt.dll
0x00007fffc0fd0000 - 0x00007fffc0ff7000 	C:\Windows\System32\bcrypt.dll
0x0000000180000000 - 0x0000000180286000 	C:\apache-tomcat-9.0.59\bin\tcnative-1.dll
0x00007fffc12a0000 - 0x00007fffc13f6000 	C:\Windows\System32\CRYPT32.dll
0x00007fffc0410000 - 0x00007fffc0428000 	C:\Windows\SYSTEM32\CRYPTSP.dll
0x00007fffbfb80000 - 0x00007fffbfbb4000 	C:\Windows\system32\rsaenh.dll
0x00007fffc09b0000 - 0x00007fffc09de000 	C:\Windows\SYSTEM32\USERENV.dll
0x00007fffc0430000 - 0x00007fffc043c000 	C:\Windows\SYSTEM32\CRYPTBASE.dll
0x00007fffb9970000 - 0x00007fffb9987000 	C:\Windows\SYSTEM32\dhcpcsvc6.DLL
0x00007fffb8270000 - 0x00007fffb828d000 	C:\Windows\SYSTEM32\dhcpcsvc.DLL
0x00007fffbb420000 - 0x00007fffbb42e000 	C:\Users\Welcome\Downloads\sts-4.13.1.RELEASE\plugins\org.eclipse.justj.openjdk.hotspot.jre.full.win32.x86_64_17.0.1.v20211116-1657\jre\bin\sunmscapi.dll
0x00007fffc05c0000 - 0x00007fffc05e7000 	C:\Windows\SYSTEM32\ncrypt.dll
0x00007fffc0580000 - 0x00007fffc05bb000 	C:\Windows\SYSTEM32\NTASN1.dll
0x00007fffbaf60000 - 0x00007fffbaf67000 	C:\Windows\system32\wshunix.dll

dbghelp: loaded successfully - version: 4.0.5 - missing functions: none
symbol engine: initialized successfully - sym options: 0x614 - pdb path: .;C:\Users\Welcome\Downloads\sts-4.13.1.RELEASE\plugins\org.eclipse.justj.openjdk.hotspot.jre.full.win32.x86_64_17.0.1.v20211116-1657\jre\bin;C:\Windows\SYSTEM32;C:\Windows\WinSxS\amd64_microsoft.windows.common-controls_6595b64144ccf1df_6.0.19041.1110_none_60b5254171f9507e;C:\Users\Welcome\Downloads\sts-4.13.1.RELEASE\plugins\org.eclipse.justj.openjdk.hotspot.jre.full.win32.x86_64_17.0.1.v20211116-1657\jre\bin\server;C:\apache-tomcat-9.0.59\bin

VM Arguments:
jvm_args: -Dfile.encoding=UTF-8 -XX:+ShowCodeDetailsInExceptionMessages 
java_command: com.examly.springapp.SpringAppApplication
java_class_path (initial): C:\Users\Welcome\Documents\workspace-spring-tool-suite-4-4.13.1.RELEASE\Spring-App\target\classes;C:\Users\Welcome\Downloads\mysql-connector-java-5.1.21.jar;C:\Users\Welcome\.m2\repository\org\springframework\boot\spring-boot-starter-data-jpa\2.4.5\spring-boot-starter-data-jpa-2.4.5.jar;C:\Users\Welcome\.m2\repository\org\springframework\boot\spring-boot-starter-aop\2.4.5\spring-boot-starter-aop-2.4.5.jar;C:\Users\Welcome\.m2\repository\org\aspectj\aspectjweaver\1.9.6\aspectjweaver-1.9.6.jar;C:\Users\Welcome\.m2\repository\jakarta\transaction\jakarta.transaction-api\1.3.3\jakarta.transaction-api-1.3.3.jar;C:\Users\Welcome\.m2\repository\jakarta\persistence\jakarta.persistence-api\2.2.3\jakarta.persistence-api-2.2.3.jar;C:\Users\Welcome\.m2\repository\org\hibernate\hibernate-core\5.4.30.Final\hibernate-core-5.4.30.Final.jar;C:\Users\Welcome\.m2\repository\org\jboss\logging\jboss-logging\3.4.1.Final\jboss-logging-3.4.1.Final.jar;C:\Users\Welcome\.m2\repository\org\javassist\javassist\3.27.0-GA\javassist-3.27.0-GA.jar;C:\Users\Welcome\.m2\repository\net\bytebuddy\byte-buddy\1.10.22\byte-buddy-1.10.22.jar;C:\Users\Welcome\.m2\repository\antlr\antlr\2.7.7\antlr-2.7.7.jar;C:\Users\Welcome\.m2\repository\org\jboss\jandex\2.2.3.Final\jandex-2.2.3.Final.jar;C:\Users\Welcome\.m2\repository\com\fasterxml\classmate\1.5.1\classmate-1.5.1.jar;C:\Users\Welcome\.m2\repository\org\dom4j\dom4j\2.1.3\dom4j-2.1.3.jar;C:\Users\Welcome\.m2\repository\org\hibernate\common\hibernate-commons-annotations\5.1.2.Final\hibernate-commons-annotations-5.1.2.Final.jar;C:\Users\Welcome\.m2\repository\org\glassfish\jaxb\jaxb-runtime\2.3.4\jaxb-runtime-2.3.4.jar;C:\Users\Welcome\.m2\repository\org\glassfish\jaxb\txw2\2.3.4\txw2-2.3.4.jar;C:\Users\Welcome\.m2\repository\com\sun\istack\istack-commons-runtime\3.0.12\istack-commons-runtime-3.0.12.jar;C:\Users\Welcome\.m2\repository\com\sun\activation\jakarta.activation\1.2.2\jakarta.activation-1.2.2.jar;C:\Users\Welcome\.m2\re
Launcher Type: SUN_STANDARD

[Global flags]
     intx CICompilerCount                          = 4                                         {product} {ergonomic}
     uint ConcGCThreads                            = 2                                         {product} {ergonomic}
     uint G1ConcRefinementThreads                  = 8                                         {product} {ergonomic}
   size_t G1HeapRegionSize                         = 1048576                                   {product} {ergonomic}
    uintx GCDrainStackTargetSize                   = 64                                        {product} {ergonomic}
   size_t InitialHeapSize                          = 134217728                                 {product} {ergonomic}
   size_t MarkStackSize                            = 4194304                                   {product} {ergonomic}
   size_t MaxHeapSize                              = 2126512128                                {product} {ergonomic}
   size_t MaxNewSize                               = 1275068416                                {product} {ergonomic}
   size_t MinHeapDeltaBytes                        = 1048576                                   {product} {ergonomic}
   size_t MinHeapSize                              = 8388608                                   {product} {ergonomic}
    uintx NonNMethodCodeHeapSize                   = 5839372                                {pd product} {ergonomic}
    uintx NonProfiledCodeHeapSize                  = 122909434                              {pd product} {ergonomic}
    uintx ProfiledCodeHeapSize                     = 122909434                              {pd product} {ergonomic}
    uintx ReservedCodeCacheSize                    = 251658240                              {pd product} {ergonomic}
     bool SegmentedCodeCache                       = true                                      {product} {ergonomic}
     bool ShowCodeDetailsInExceptionMessages       = true                                   {manageable} {command line}
   size_t SoftMaxHeapSize                          = 2126512128                             {manageable} {ergonomic}
     bool UseCompressedClassPointers               = true                           {product lp64_product} {ergonomic}
     bool UseCompressedOops                        = true                           {product lp64_product} {ergonomic}
     bool UseG1GC                                  = true                                      {product} {ergonomic}
     bool UseLargePagesIndividualAllocation        = false                                  {pd product} {ergonomic}

Logging:
Log output configuration:
 #0: stdout all=warning uptime,level,tags
 #1: stderr all=off uptime,level,tags

Environment Variables:
JAVA_HOME=C:\Program Files\Java\jdk1.8.0_291
CLASSPATH=C:\apache-tomcat-9.0.59\lib
PATH=C:/Users/Welcome/Downloads/sts-4.13.1.RELEASE//plugins/org.eclipse.justj.openjdk.hotspot.jre.full.win32.x86_64_17.0.1.v20211116-1657/jre/bin/server;C:/Users/Welcome/Downloads/sts-4.13.1.RELEASE//plugins/org.eclipse.justj.openjdk.hotspot.jre.full.win32.x86_64_17.0.1.v20211116-1657/jre/bin;C:\Program Files (x86)\Common Files\Oracle\Java\javapath;C:\app\Welcome\product\18.0.0\dbhomeXE\bin;C:\Windows\system32;C:\Windows;C:\Windows\System32\Wbem;C:\Windows\System32\WindowsPowerShell\v1.0\;C:\Windows\System32\OpenSSH\;C:\TDM-GCC-64\bin;C:\Program Files\dotnet\;C:\Program Files\MATLAB\R2020a\bin;C:\Program Files\Java\jdk1.8.0_291\bin;C:\Program Files\wkhtmltopdf\bin;C:\Windows\Microsoft.NET\Framework\v4.0.30319;C:\Program Files\nodejs\;C:\Spark\spark-3.1.2-bin-hadoop3.2\bin;C:\Program Files\Java\jdk1.8.0_291\bin;C:\Program Files\Git\cmd;C:\Program Files (x86)\MySQL\MySQL Server 5.1\bin;%PATH%;%JAVA_HOME%\bin;C:\apache-tomcat-9.0.59\bin;C:\apache-tomcat-9.0.59\lib\servlet-api.jar;C:\apache-maven-3.8.4\bin;C:\Users\Welcome\AppData\Local\Programs\Python\Python39\Scripts\;C:\Users\Welcome\AppData\Local\Programs\Python\Python39\;C:\Users\Welcome\AppData\Local\Microsoft\WindowsApps;C:\Users\Welcome\AppData\Local\Programs\Microsoft VS Code\bin;C:\Users\Welcome\.dotnet\tools;C:\Users\Welcome\AppData\Roaming\npm;C:\Users\Welcome\AppData\Local\GitHubDesktop\bin;"C:\Spark\spark-3.1.2-bin-hadoop3.2"\bin;C:\hadoop\bin\bin;C:\Users\Welcome\AppData\Local\Programs\MiKTeX\miktex\bin\x64\;C:\Users\Welcome\Downloads\sts-4.13.1.RELEASE;
USERNAME=Welcome
OS=Windows_NT
PROCESSOR_IDENTIFIER=Intel64 Family 6 Model 142 Stepping 10, GenuineIntel



---------------  S Y S T E M  ---------------

OS:
 Windows 10 , 64 bit Build 19041 (10.0.19041.1566)
OS uptime: 3 days 20:55 hours
Hyper-V role detected

CPU: total 8 (initial active 8) (4 cores per cpu, 2 threads per core) family 6 model 142 stepping 10 microcode 0xb4, cx8, cmov, fxsr, ht, mmx, 3dnowpref, sse, sse2, sse3, ssse3, sse4.1, sse4.2, popcnt, lzcnt, tsc, tscinvbit, avx, avx2, aes, erms, clmul, bmi1, bmi2, adx, fma, vzeroupper, clflush, clflushopt, hv

Memory: 4k page, system-wide physical 8107M (520M free)
TotalPageFile size 32683M (AvailPageFile size 55M)
current process WorkingSet (physical memory assigned to process): 313M, peak: 399M
current process commit charge ("private bytes"): 496M, peak: 508M

vm_info: OpenJDK 64-Bit Server VM (17.0.1+12) for windows-amd64 JRE (17.0.1+12), built on Oct 20 2021 07:42:55 by "" with MS VC++ 16.7 (VS2019)

END.
